Log file open, 06/04/16 15:41:12
LogConsoleManager:Warning: Console object named 'D3D12.EnableMultiEngine' already exists but is being registered again, but we weren't expected it to be! (FConsoleManager::AddConsoleObject)
LogConsoleManager:Warning: Console object named 'D3D12.CommandListBatchingMode' already exists but is being registered again, but we weren't expected it to be! (FConsoleManager::AddConsoleObject)
LogInit:Display: Running engine for game: MyStudy_LJS
LogInit:Display: Project file not found: ../../../MyStudy_LJS/MyStudy_LJS.uproject
LogInit:Display: 	Attempting to find via project info helper.
LogUProjectInfo: Found projects:
LogModuleManager:Warning: ModuleManager: Module 'HTTPChunkInstaller' not found - its StaticallyLinkedModuleInitializers function is null.
LogPlatformFile: Not using cached read wrapper
LogInit:Display: RandInit(-1048064913) SRandInit(-1048064912).
LogTaskGraph: Started task graph with 4 named threads and 7 total threads.
LogStats: Stats thread started at 0.066453
LogHMD: Can't find Oculus library dev build: is proper Runtime installed? Version: 1.3.0
LogInit: Version: 4.11.2-2946394+++UE4+Release-4.11
LogInit: API Version: 2927265
LogInit: Compiled (64-bit): Apr 18 2016 02:20:52
LogInit: Compiled with Visual C++: 19.00.23026.00
LogInit: Build Configuration: Development
LogInit: Branch Name: ++UE4+Release-4.11
LogInit: Command line:  
LogInit: Base directory: D:/Unreal4Projects_LJS/MyStudy_LJS/Build/WindowsNoEditor/Engine/Binaries/Win64/
LogInit: Installed Engine Build: 0
LogInit: Using libcurl 7.41.0
LogInit:  - built for x86_64-pc-win32
LogInit:  - supports SSL with WinSSL
LogInit:  - other features:
LogInit:      CURL_VERSION_SSL
LogInit:      CURL_VERSION_IPV6
LogInit:      CURL_VERSION_ASYNCHDNS
LogInit:      CURL_VERSION_LARGEFILE
LogInit:      CURL_VERSION_IDN
LogInit:  CurlRequestOptions (configurable via config and command line):
LogInit:  - bVerifyPeer = true  - Libcurl will verify peer certificate
LogInit:  - bUseHttpProxy = false  - Libcurl will NOT use HTTP proxy
LogInit:  - bDontReuseConnections = false  - Libcurl will reuse connections
LogInit:  - CertBundlePath = nullptr  - Libcurl will use whatever was configured at build time.
LogInit: Presizing for max 2097152 objects, including 0 objects not considered by GC, pre-allocating 0 bytes for permanent pool.
LogInit: Object subsystem initialized
[2016.06.04-06.41.12:938][  0]LogInit: Selected Device Profile: [WindowsNoEditor]
[2016.06.04-06.41.12:938][  0]LogInit: Applying CVar settings loaded from the selected device profile: [WindowsNoEditor]
[2016.06.04-06.41.12:946][  0]LogInit: Computer: EMPRISE
[2016.06.04-06.41.12:946][  0]LogInit: User: nightfall
[2016.06.04-06.41.12:946][  0]LogInit: CPU Page size=65536, Cores=4
[2016.06.04-06.41.12:946][  0]LogInit: High frequency timer resolution =3.312786 MHz
[2016.06.04-06.41.12:946][  0]LogMemory: Memory total: Physical=15.9GB (16GB approx)
[2016.06.04-06.41.12:946][  0]LogMemory: Platform Memory Stats for WindowsNoEditor
[2016.06.04-06.41.12:946][  0]LogMemory: Process Physical Memory: 68.34 MB used, 68.34 MB peak
[2016.06.04-06.41.12:946][  0]LogMemory: Process Virtual Memory: 85.14 MB used, 85.14 MB peak
[2016.06.04-06.41.12:946][  0]LogMemory: Physical Memory: 6303.48 MB used, 16268.42 MB total
[2016.06.04-06.41.12:946][  0]LogMemory: Virtual Memory: 290.02 MB used, 134217728.00 MB total
[2016.06.04-06.41.13:007][  0]LogTextLocalizationManager: No translations for ('ko-KR') exist, falling back to 'en' for localization and internationalization data.
[2016.06.04-06.41.13:338][  0]LogD3D11RHI: D3D11 adapters:
[2016.06.04-06.41.13:371][  0]LogD3D11RHI:    0. 'NVIDIA GeForce GTX 660  ' (Feature Level 11_0)
[2016.06.04-06.41.13:371][  0]LogD3D11RHI:       1988MB of dedicated video memory, 0MB of dedicated system memory, and 8134MB of shared system memory, 1 output[s]
[2016.06.04-06.41.13:447][  0]LogD3D11RHI:    1. 'Intel(R) HD Graphics' (Feature Level 11_0)
[2016.06.04-06.41.13:447][  0]LogD3D11RHI:       32MB of dedicated video memory, 0MB of dedicated system memory, and 1760MB of shared system memory, 0 output[s]
[2016.06.04-06.41.13:449][  0]LogD3D11RHI:    2. 'Microsoft Basic Render Driver' (Feature Level 11_0)
[2016.06.04-06.41.13:449][  0]LogD3D11RHI:       0MB of dedicated video memory, 0MB of dedicated system memory, and 8134MB of shared system memory, 0 output[s]
[2016.06.04-06.41.13:449][  0]LogD3D11RHI: Chosen D3D11 Adapter: 0
[2016.06.04-06.41.13:453][  0]LogD3D11RHI: Creating new Direct3DDevice
[2016.06.04-06.41.13:453][  0]LogD3D11RHI:     Adapter Name: NVIDIA GeForce GTX 660  
[2016.06.04-06.41.13:453][  0]LogD3D11RHI:   Driver Version: Unknown (internal Unknown)
[2016.06.04-06.41.13:453][  0]LogD3D11RHI:      Driver Date: Unknown
[2016.06.04-06.41.13:453][  0]LogRHI: Texture pool is 1361 MB (70% of 1945 MB)
[2016.06.04-06.41.13:468][  0]LogD3D11RHI: Async texture creation enabled
[2016.06.04-06.41.13:622][  0]LogInit: Selected Device Profile: [WindowsNoEditor]
[2016.06.04-06.41.13:623][  0]LogContentStreaming: Texture pool size is 1000.00 MB
[2016.06.04-06.41.14:681][  0]LogInit: WinSock: version 1.1 (2.2), MaxSocks=32767, MaxUdp=65467
[2016.06.04-06.41.14:692][  0]LogSlate: SlateFontCache - WITH_FREETYPE: 1, WITH_HARFBUZZ: 1
[2016.06.04-06.41.14:692][  0]LogSlate: SlateFontCache - WITH_FREETYPE: 1, WITH_HARFBUZZ: 1
[2016.06.04-06.41.14:806][  0]LogWindowsMoviePlayer: Unable to load movie: ../../../MyStudy_LJS/Content/Movies/Default_Startup.mp4
[2016.06.04-06.41.14:976][  0]LogUObjectArray: 24629 objects as part of root set at end of initial load.
[2016.06.04-06.41.14:976][  0]LogUObjectAllocator: 5163672 out of 0 bytes used by permanent object pool.
[2016.06.04-06.41.14:976][  0]LogUObjectArray: CloseDisregardForGC: 0/0 objects in disregard for GC pool
[2016.06.04-06.41.14:986][  0]LogEngine: Initializing Engine...
[2016.06.04-06.41.14:991][  0]LogHMD: SteamVR initialized.  Driver: oculus_legacy  Display: 20754K00RJGR
[2016.06.04-06.41.15:126][  0]LogInit: XAudio2 using '스피커(Realtek High Definition Audio)' : 2 channels at 48 kHz using 32 bits per sample (channel mask 0x3)
[2016.06.04-06.41.15:176][  0]LogInit: FAudioDevice initialized.
[2016.06.04-06.41.15:176][  0]LogInit: Texture streaming: Enabled
[2016.06.04-06.41.15:176][  0]LogModuleManager:Warning: ModuleManager: Module 'MessagingRpc' not found - its StaticallyLinkedModuleInitializers function is null.
[2016.06.04-06.41.15:176][  0]LogModuleManager:Warning: ModuleManager: Module 'PortalRpc' not found - its StaticallyLinkedModuleInitializers function is null.
[2016.06.04-06.41.15:176][  0]LogModuleManager:Warning: ModuleManager: Module 'PortalServices' not found - its StaticallyLinkedModuleInitializers function is null.
[2016.06.04-06.41.15:183][  0]LogConsoleManager:Warning: Setting the console variable 'r.VSync' with 'SetByGameSetting' was ignored as it is lower priority than the previous 'SetByCode'
[2016.06.04-06.41.15:186][  0]LogNet: Browse: /Game/TwinStickShooter/Map/TSSMap?Name=Player
[2016.06.04-06.41.15:186][  0]LogLoad: LoadMap: /Game/TwinStickShooter/Map/TSSMap?Name=Player
[2016.06.04-06.41.15:195][  0]LogMemory: Platform Memory Stats for WindowsNoEditor
[2016.06.04-06.41.15:195][  0]LogMemory: Process Physical Memory: 176.18 MB used, 176.18 MB peak
[2016.06.04-06.41.15:196][  0]LogMemory: Process Virtual Memory: 247.81 MB used, 247.82 MB peak
[2016.06.04-06.41.15:196][  0]LogMemory: Physical Memory: 6426.69 MB used, 16268.42 MB total
[2016.06.04-06.41.15:196][  0]LogMemory: Virtual Memory: 598.82 MB used, 134217728.00 MB total
[2016.06.04-06.41.15:196][  0]LogMemory: 
[2016.06.04-06.41.15:196][  0]LogMemory: Allocator Stats for binned:
[2016.06.04-06.41.15:196][  0]LogMemory: Current Memory 78.44 MB used, plus 4.75 MB waste
[2016.06.04-06.41.15:196][  0]LogMemory: Peak Memory 80.75 MB used, plus 3.87 MB waste
[2016.06.04-06.41.15:196][  0]LogMemory: Current OS Memory 83.19 MB, peak 84.63 MB
[2016.06.04-06.41.15:196][  0]LogMemory: Current Waste 1.20 MB, peak 1.47 MB
[2016.06.04-06.41.15:196][  0]LogMemory: Current Used 78.44 MB, peak 80.75 MB
[2016.06.04-06.41.15:196][  0]LogMemory: Current Slack 3.54 MB
[2016.06.04-06.41.15:196][  0]LogMemory: Allocs       127472 Current /  843826 Total
[2016.06.04-06.41.15:196][  0]LogMemory: 
[2016.06.04-06.41.15:196][  0]LogMemory: Block Size Num Pools Max Pools Cur Allocs Total Allocs Min Req Max Req Mem Used Mem Slack Mem Waste Efficiency
[2016.06.04-06.41.15:196][  0]LogMemory: ---------- --------- --------- ---------- ------------ ------- ------- -------- --------- --------- ----------
[2016.06.04-06.41.15:196][  0]LogMemory:          8         0         0          0            0       8       0       0K        0K        0K    100.00%
[2016.06.04-06.41.15:196][  0]LogMemory:         16         6         6      19178       276010      16      16     299K       85K        0K    100.00%
[2016.06.04-06.41.15:196][  0]LogMemory:         32        10        10      19366        80239      17      32     605K       35K       56K     91.25%
[2016.06.04-06.41.15:196][  0]LogMemory:         48         8         8       9583        40207      33      48     449K       63K       56K     89.06%
[2016.06.04-06.41.15:196][  0]LogMemory:         64        18        18      17701        90050      49      64    1106K       46K      123K     89.32%
[2016.06.04-06.41.15:196][  0]LogMemory:         80         9         9       7168        59637      65      80     560K       16K       41K     92.88%
[2016.06.04-06.41.15:196][  0]LogMemory:         96         5         5       3384        27290      81      96     317K        3K       19K     94.06%
[2016.06.04-06.41.15:196][  0]LogMemory:        112         5         6       2751        16248      97     112     300K       20K       18K     94.38%
[2016.06.04-06.41.15:196][  0]LogMemory:        128        17        17       8215        24618     114     128    1026K       62K       41K     96.23%
[2016.06.04-06.41.15:196][  0]LogMemory:        160        36        36      14606        62025     129     160    2282K       19K       98K     95.75%
[2016.06.04-06.41.15:196][  0]LogMemory:        192        22        22       6825        29659     161     192    1279K      128K      103K     92.68%
[2016.06.04-06.41.15:196][  0]LogMemory:        224        20        34       5532        44009     193     224    1210K       68K       52K     95.94%
[2016.06.04-06.41.15:196][  0]LogMemory:        256         4         4        836        29801     226     256     209K       47K        5K     98.05%
[2016.06.04-06.41.15:196][  0]LogMemory:        288         4         4        881         5925     257     288     247K        9K       15K     94.14%
[2016.06.04-06.41.15:196][  0]LogMemory:        320         4         4        619         3029     290     320     193K       62K        9K     96.48%
[2016.06.04-06.41.15:196][  0]LogMemory:        384        15        15       2540        17363     322     384     952K        5K      107K     88.85%
[2016.06.04-06.41.15:196][  0]LogMemory:        448         5         5        573         8110     386     448     250K       70K       17K     94.69%
[2016.06.04-06.41.15:196][  0]LogMemory:        512         5         5        584         2176     450     512     292K       28K       15K     95.31%
[2016.06.04-06.41.15:196][  0]LogMemory:        576        24        24       2570         3245     514     576    1445K       81K       58K     96.22%
[2016.06.04-06.41.15:196][  0]LogMemory:        640         2         2        176          269     578     640     110K       18K        4K     96.88%
[2016.06.04-06.41.15:196][  0]LogMemory:        704        16        16       1085         1772     641     704     745K      278K       28K     97.27%
[2016.06.04-06.41.15:196][  0]LogMemory:        768        10        10        572         1127     706     768     429K      209K        8K     98.75%
[2016.06.04-06.41.15:196][  0]LogMemory:        896        10        11        501         1329     769     896     438K      201K       36K     94.38%
[2016.06.04-06.41.15:196][  0]LogMemory:       1024         3         4        128          474     904    1024     128K       64K        2K     98.96%
[2016.06.04-06.41.15:196][  0]LogMemory:       1168         3         3        126          342    1025    1168     143K       49K        8K     95.83%
[2016.06.04-06.41.15:196][  0]LogMemory:       1360         5         5        169         1103    1171    1360     224K       95K       23K     92.81%
[2016.06.04-06.41.15:196][  0]LogMemory:       1632        10        11        380          735    1365    1632     605K       33K       46K     92.81%
[2016.06.04-06.41.15:196][  0]LogMemory:       2048        11        12        250          879    1635    2048     500K      204K       52K     92.61%
[2016.06.04-06.41.15:196][  0]LogMemory:       2336         4         4         92         1654    2050    2336     209K       47K       23K     91.02%
[2016.06.04-06.41.15:196][  0]LogMemory:       2720         4         4         70          447    2339    2711     185K       70K        9K     96.48%
[2016.06.04-06.41.15:196][  0]LogMemory:       3264         9         9        138         1236    2724    3264     439K      135K       28K     95.14%
[2016.06.04-06.41.15:196][  0]LogMemory:       4096        17        17        189          725    3266    4096     756K      332K       69K     93.66%
[2016.06.04-06.41.15:196][  0]LogMemory:       4672        10        10        103          391    4107    4671     469K      170K       25K     96.09%
[2016.06.04-06.41.15:196][  0]LogMemory:       5456        11        13         91          397    4675    5447     484K      220K       39K     94.46%
[2016.06.04-06.41.15:196][  0]LogMemory:       6544        14        15        112          312    5459    6543     715K      180K       56K     93.75%
[2016.06.04-06.41.15:196][  0]LogMemory:       8192         8        10         58        10008    6549    8192     464K       48K       57K     88.87%
[2016.06.04-06.41.15:196][  0]LogMemory:       9360         7         8         49          102    8194    9360     447K        1K       26K     94.20%
[2016.06.04-06.41.15:196][  0]LogMemory:      10912         6         6         31           52    9383   10891     330K       54K       29K     92.45%
[2016.06.04-06.41.15:196][  0]LogMemory:      13104        10        10         48           87   10976   13056     614K       26K       52K     91.88%
[2016.06.04-06.41.15:196][  0]LogMemory:      16384         9        11         31          144   13105   16384     496K       80K       33K     94.27%
[2016.06.04-06.41.15:196][  0]LogMemory:      21840        17        19         49          108   16400   21412    1045K       43K      169K     84.47%
[2016.06.04-06.41.15:196][  0]LogMemory:      32768        10        12         20           87   21904   32640     640K        0K      149K     76.72%
[2016.06.04-06.41.15:196][  0]LogMemory:      49152         4         5         13          232       0   49152     624K      144K      187K     75.65%
[2016.06.04-06.41.15:196][  0]LogMemory:      98304         3         3         11           27       0   96976    1056K       96K      224K     80.56%
[2016.06.04-06.41.15:196][  0]LogMemory: 
[2016.06.04-06.41.15:196][  0]LogMemory: 28992K allocated in pools (with 3644K slack and 2215K waste). Efficiency 92.36%
[2016.06.04-06.41.15:196][  0]LogMemory: Allocations 127405 Current / 843681 Total (in 430 pools)
[2016.06.04-06.41.15:196][  0]LogMemory: 
[2016.06.04-06.41.16:300][  0]LogModuleManager:Warning: ModuleManager: Module 'GameplayDebugger' not found - its StaticallyLinkedModuleInitializers function is null.
[2016.06.04-06.41.16:300][  0]LogAIModule: Creating AISystem for world TSSMap
[2016.06.04-06.41.16:301][  0]LogWorld: Game class is 'TwinStickMode_C'
[2016.06.04-06.41.16:305][  0]LogWorld: Bringing World /Game/TwinStickShooter/Map/TSSMap.TSSMap up for play (max tick rate 0) at 2016.06.04-15.41.16
[2016.06.04-06.41.16:306][  0]LogWorld: Bringing up level for play took: 0.004726
[2016.06.04-06.41.16:311][  0]LogInit:Display: Game Engine Initialized.
[2016.06.04-06.41.16:513][  0]LogLoad: Full Startup: 3.88 seconds (BP compile: 0.00 seconds)
[2016.06.04-06.41.16:513][  0]LogExternalProfiler: Found external profiler: VSPerf
[2016.06.04-06.41.16:513][  0]LogExternalProfiler: Using external profiler: VSPerf
[2016.06.04-06.41.16:540][  0]LogOcInput: OculusInput pre-init called
[2016.06.04-06.41.16:544][  0]LogOcInput: Can't find Oculus library dev build: is proper Runtime installed? Version: 1.3.0
[2016.06.04-06.41.16:685][  2]LogRenderer: Reallocating scene render targets to support 1708x1068 (Frame:2).
[2016.06.04-06.41.22:520][358]LogBlueprintUserMessages: [EnemyCharacter_C_0] 80.0
[2016.06.04-06.41.22:730][371]LogBlueprintUserMessages: [EnemyCharacter_C_0] 60.0
[2016.06.04-06.41.22:891][381]LogBlueprintUserMessages: [EnemyCharacter_C_0] 40.0
[2016.06.04-06.41.23:037][390]LogBlueprintUserMessages: [EnemyCharacter_C_0] 20.0
[2016.06.04-06.41.23:230][402]LogBlueprintUserMessages: [EnemyCharacter_C_0] 0.0
[2016.06.04-06.41.23:424][414]LogBlueprintUserMessages: [EnemyCharacter_C_2] 80.0
[2016.06.04-06.41.25:521][544]LogBlueprintUserMessages: [EnemyCharacter_2] 80.0
[2016.06.04-06.41.25:715][556]LogBlueprintUserMessages: [EnemyCharacter_C_3] 80.0
[2016.06.04-06.41.26:828][625]LogBlueprintUserMessages: [EnemyCharacter_C_1] 80.0
[2016.06.04-06.41.27:054][639]LogBlueprintUserMessages: [EnemyCharacter_C_1] 60.0
[2016.06.04-06.41.27:215][649]LogBlueprintUserMessages: [EnemyCharacter_C_1] 40.0
[2016.06.04-06.41.27:360][658]LogBlueprintUserMessages: [EnemyCharacter_C_1] 20.0
[2016.06.04-06.41.27:489][666]LogBlueprintUserMessages: [EnemyCharacter_C_3] 60.0
[2016.06.04-06.41.27:666][677]LogBlueprintUserMessages: [EnemyCharacter_C_3] 40.0
[2016.06.04-06.41.27:943][694]LogBlueprintUserMessages: [EnemyCharacter_C_1] 0.0
[2016.06.04-06.41.28:086][703]LogBlueprintUserMessages: [EnemyCharacter_C_3] 20.0
[2016.06.04-06.41.28:231][712]LogBlueprintUserMessages: [EnemyCharacter_C_3] 0.0
[2016.06.04-06.41.28:700][741]LogBlueprintUserMessages: [EnemyCharacter_2] 60.0
[2016.06.04-06.41.28:878][752]LogBlueprintUserMessages: [EnemyCharacter_2] 40.0
[2016.06.04-06.41.29:055][763]LogBlueprintUserMessages: [EnemyCharacter_2] 20.0
[2016.06.04-06.41.29:216][773]LogBlueprintUserMessages: [EnemyCharacter_2] 0.0
[2016.06.04-06.41.29:475][789]LogBlueprintUserMessages: [EnemyCharacter_C_2] 60.0
[2016.06.04-06.41.29:717][804]LogBlueprintUserMessages: [EnemyCharacter_C_2] 40.0
[2016.06.04-06.41.30:088][827]LogBlueprintUserMessages: [EnemyCharacter_C_2] 20.0
[2016.06.04-06.41.30:249][837]LogBlueprintUserMessages: [EnemyCharacter_C_4] 80.0
[2016.06.04-06.41.30:427][848]LogBlueprintUserMessages: [EnemyCharacter_C_4] 60.0
[2016.06.04-06.41.30:604][859]LogBlueprintUserMessages: [EnemyCharacter_C_4] 40.0
[2016.06.04-06.41.30:992][883]LogBlueprintUserMessages: [EnemyCharacter_C_4] 20.0
[2016.06.04-06.41.31:218][897]LogBlueprintUserMessages: [EnemyCharacter_C_4] 0.0
[2016.06.04-06.41.31:686][926]LogBlueprintUserMessages: [EnemyCharacter_C_2] 0.0
[2016.06.04-06.41.33:653][ 48]LogBlueprintUserMessages: [EnemyCharacter_C_5] 80.0
[2016.06.04-06.41.33:801][ 57]LogBlueprintUserMessages: [EnemyCharacter_C_5] 60.0
[2016.06.04-06.41.33:945][ 66]LogBlueprintUserMessages: [EnemyCharacter_C_5] 40.0
[2016.06.04-06.41.34:655][110]LogBlueprintUserMessages: [EnemyCharacter_C_6] 80.0
[2016.06.04-06.41.34:930][127]LogBlueprintUserMessages: [EnemyCharacter_C_6] 60.0
[2016.06.04-06.41.36:090][199]LogBlueprintUserMessages: [EnemyCharacter_C_7] 80.0
[2016.06.04-06.41.36:235][208]LogBlueprintUserMessages: [EnemyCharacter_C_6] 40.0
[2016.06.04-06.41.36:413][219]LogBlueprintUserMessages: [EnemyCharacter_C_6] 20.0
[2016.06.04-06.41.36:590][230]LogBlueprintUserMessages: [EnemyCharacter_C_6] 0.0
[2016.06.04-06.41.37:204][268]LogBlueprintUserMessages: [EnemyCharacter_C_5] 20.0
[2016.06.04-06.41.37:333][276]LogBlueprintUserMessages: [EnemyCharacter_C_5] 0.0
[2016.06.04-06.41.37:623][294]LogBlueprintUserMessages: [EnemyCharacter_C_7] 60.0
[2016.06.04-06.41.37:768][303]LogBlueprintUserMessages: [EnemyCharacter_C_7] 40.0
[2016.06.04-06.41.38:010][318]LogBlueprintUserMessages: [EnemyCharacter_C_7] 20.0
[2016.06.04-06.41.38:995][379]LogBlueprintUserMessages: [EnemyCharacter_C_7] 0.0
[2016.06.04-06.41.40:899][497]LogBlueprintUserMessages: [HeroCharacter_C_0] 80.0
[2016.06.04-06.41.41:060][507]LogBlueprintUserMessages: [HeroCharacter_C_0] 60.0
[2016.06.04-06.41.41:399][528]LogBlueprintUserMessages: [HeroCharacter_C_0] 40.0
[2016.06.04-06.41.41:560][538]LogBlueprintUserMessages: [HeroCharacter_C_0] 20.0
[2016.06.04-06.41.43:996][689]LogBlueprintUserMessages: [HeroCharacter_C_0] 0.0
[2016.06.04-06.41.44:496][720]LogBlueprintUserMessages: [HeroCharacter_C_0] -20.0
[2016.06.04-06.41.44:996][751]LogBlueprintUserMessages: [HeroCharacter_C_0] -40.0
[2016.06.04-06.41.45:496][782]LogBlueprintUserMessages: [HeroCharacter_C_0] -60.0
[2016.06.04-06.41.45:820][802]LogBlueprintUserMessages: [HeroCharacter_C_0] -80.0
[2016.06.04-06.41.45:997][813]LogBlueprintUserMessages: [HeroCharacter_C_0] -100.0
[2016.06.04-06.41.46:320][833]LogBlueprintUserMessages: [HeroCharacter_C_0] -120.0
[2016.06.04-06.41.46:497][844]LogBlueprintUserMessages: [HeroCharacter_C_0] -140.0
[2016.06.04-06.41.46:820][864]LogBlueprintUserMessages: [HeroCharacter_C_0] -160.0
[2016.06.04-06.41.46:949][872]LogBlueprintUserMessages: [HeroCharacter_C_0] -180.0
[2016.06.04-06.41.49:963][ 57]LogWindowsTextInputMethodSystem:Display: IME system now activated using TSF (Microsoft 입력기).
[2016.06.04-06.41.49:964][ 57]LogWindowsTextInputMethodSystem:Display: IME system now activated using TSF (Microsoft 입력기).
[2016.06.04-06.41.49:966][ 57]LogWindowsTextInputMethodSystem:Display: IME system now activated using TSF (Microsoft 입력기).
[2016.06.04-06.41.49:966][ 57]LogWindowsTextInputMethodSystem:Display: IME system now activated using TSF (Microsoft 입력기).
[2016.06.04-06.41.49:974][ 57]LogEngine: All Windows Closed
[2016.06.04-06.41.49:974][ 57]LogWindows: FPlatformMisc::RequestExit(0)
[2016.06.04-06.41.50:059][ 58]LogExit: Preparing to exit.
[2016.06.04-06.41.50:079][ 58]LogExit: Game engine shut down
[2016.06.04-06.41.50:124][ 58]LogObj: Freed 376b from 1 cluster array pools.
[2016.06.04-06.41.50:124][ 58]LogExit: Object subsystem successfully closed.
[2016.06.04-06.41.50:128][ 58]LogD3D11RHI: Shutdown
[2016.06.04-06.41.50:128][ 58]LogD3D11RHI: CleanupD3DDevice
[2016.06.04-06.41.50:159][ 58]LogD3D11RHI: ~FD3D11DynamicRHI
[2016.06.04-06.41.50:159][ 58]LogModuleManager:Warning: ModuleManager: Module 'DerivedDataCache' not found - its StaticallyLinkedModuleInitializers function is null.
[2016.06.04-06.41.50:159][ 58]LogModuleManager: Shutting down and abandoning module AutomationController (62)
[2016.06.04-06.41.50:159][ 58]LogModuleManager: Shutting down and abandoning module AutomationWorker (61)
[2016.06.04-06.41.50:159][ 58]LogModuleManager: Shutting down and abandoning module CharacterAI (60)
[2016.06.04-06.41.50:159][ 58]LogModuleManager: Shutting down and abandoning module AIModule (58)
[2016.06.04-06.41.50:159][ 58]LogModuleManager: Shutting down and abandoning module StreamingPauseRendering (57)
[2016.06.04-06.41.50:159][ 58]LogModuleManager: Shutting down and abandoning module AnalyticsET (56)
[2016.06.04-06.41.50:159][ 58]LogModuleManager: Shutting down and abandoning module Analytics (55)
[2016.06.04-06.41.50:159][ 58]LogModuleManager: Shutting down and abandoning module ProfilerService (51)
[2016.06.04-06.41.50:268][ 58]LogModuleManager: Shutting down and abandoning module TaskGraph (50)
[2016.06.04-06.41.50:268][ 58]LogModuleManager: Shutting down and abandoning module HTML5Networking (49)
[2016.06.04-06.41.50:268][ 58]LogModuleManager: Shutting down and abandoning module ArchVisCharacter (48)
[2016.06.04-06.41.50:268][ 58]LogModuleManager: Shutting down and abandoning module CableComponent (47)
[2016.06.04-06.41.50:268][ 58]LogModuleManager: Shutting down and abandoning module CustomMeshComponent (46)
[2016.06.04-06.41.50:268][ 58]LogModuleManager: Shutting down and abandoning module OculusInput (45)
[2016.06.04-06.41.50:268][ 58]LogModuleManager: Shutting down and abandoning module OculusLibrary (44)
[2016.06.04-06.41.50:268][ 58]LogModuleManager: Shutting down and abandoning module ProceduralMeshComponent (43)
[2016.06.04-06.41.50:268][ 58]LogModuleManager: Shutting down and abandoning module SteamVRController (42)
[2016.06.04-06.41.50:268][ 58]LogModuleManager: Shutting down and abandoning module SteamVR (41)
[2016.06.04-06.41.50:268][ 58]LogModuleManager: Shutting down and abandoning module SlateRemote (40)
[2016.06.04-06.41.50:268][ 58]LogModuleManager: Shutting down and abandoning module Paper2D (39)
[2016.06.04-06.41.50:268][ 58]LogModuleManager: Shutting down and abandoning module LightPropagationVolumeRuntime (38)
[2016.06.04-06.41.50:268][ 58]LogModuleManager: Shutting down and abandoning module UdpMessaging (37)
[2016.06.04-06.41.50:268][ 58]LogModuleManager: Shutting down and abandoning module Media (36)
[2016.06.04-06.41.50:268][ 58]LogModuleManager: Shutting down and abandoning module WmfMedia (35)
[2016.06.04-06.41.50:268][ 58]LogModuleManager: Shutting down and abandoning module WindowsMoviePlayer (34)
[2016.06.04-06.41.50:268][ 58]LogModuleManager: Shutting down and abandoning module ImageWrapper (33)
[2016.06.04-06.41.50:268][ 58]LogModuleManager: Shutting down and abandoning module MediaAssets (32)
[2016.06.04-06.41.50:268][ 58]LogModuleManager: Shutting down and abandoning module GameLiveStreaming (31)
[2016.06.04-06.41.50:268][ 58]LogModuleManager: Shutting down and abandoning module UMG (30)
[2016.06.04-06.41.50:268][ 58]LogModuleManager: Shutting down and abandoning module SlateReflector (29)
[2016.06.04-06.41.50:268][ 58]LogModuleManager: Shutting down and abandoning module Slate (28)
[2016.06.04-06.41.50:268][ 58]LogModuleManager: Shutting down and abandoning module SessionServices (27)
[2016.06.04-06.41.50:268][ 58]LogModuleManager: Shutting down and abandoning module Messaging (26)
[2016.06.04-06.41.50:268][ 58]LogModuleManager: Shutting down and abandoning module HeadMountedDisplay (25)
[2016.06.04-06.41.50:268][ 58]LogModuleManager: Shutting down and abandoning module XAudio2 (24)
[2016.06.04-06.41.50:268][ 58]LogModuleManager: Shutting down and abandoning module Networking (22)
[2016.06.04-06.41.50:268][ 58]LogModuleManager: Shutting down and abandoning module Core (21)
[2016.06.04-06.41.50:268][ 58]LogModuleManager: Shutting down and abandoning module InputCore (20)
[2016.06.04-06.41.50:268][ 58]LogModuleManager: Shutting down and abandoning module OnlineSubsystem (18)
[2016.06.04-06.41.50:268][ 58]LogModuleManager: Shutting down and abandoning module HTTP (17)
[2016.06.04-06.41.52:272][ 58]LogModuleManager: Shutting down and abandoning module ExampleDeviceProfileSelector (16)
[2016.06.04-06.41.52:272][ 58]LogModuleManager: Shutting down and abandoning module OculusRift (15)
[2016.06.04-06.41.52:272][ 58]LogModuleManager: Shutting down and abandoning module ShaderCore (14)
[2016.06.04-06.41.52:272][ 58]LogModuleManager: Shutting down and abandoning module Landscape (13)
[2016.06.04-06.41.52:272][ 58]LogModuleManager: Shutting down and abandoning module SlateRHIRenderer (12)
[2016.06.04-06.41.52:272][ 58]LogModuleManager: Shutting down and abandoning module OpenGLDrv (11)
[2016.06.04-06.41.52:272][ 58]LogModuleManager: Shutting down and abandoning module D3D11RHI (10)
[2016.06.04-06.41.52:272][ 58]LogModuleManager: Shutting down and abandoning module AnimGraphRuntime (9)
[2016.06.04-06.41.52:272][ 58]LogModuleManager: Shutting down and abandoning module Renderer (8)
[2016.06.04-06.41.52:272][ 58]LogModuleManager: Shutting down and abandoning module Engine (7)
[2016.06.04-06.41.52:272][ 58]LogModuleManager: Shutting down and abandoning module CoreUObject (6)
[2016.06.04-06.41.52:272][ 58]LogModuleManager: Shutting down and abandoning module NetworkFile (5)
[2016.06.04-06.41.52:272][ 58]LogModuleManager: Shutting down and abandoning module StreamingFile (4)
[2016.06.04-06.41.52:272][ 58]LogModuleManager: Shutting down and abandoning module SandboxFile (3)
[2016.06.04-06.41.52:272][ 58]LogModuleManager: Shutting down and abandoning module PakFile (1)
[2016.06.04-06.41.52:273][ 58]LogExit: Exiting.
[2016.06.04-06.41.52:273][ 58]Log file closed, 06/04/16 15:41:52
