"../../../Engine/Content/EditorResources/S_Actor.uasset" 0
"../../../Engine/Content/EngineFonts/Roboto.uasset" 1
"../../../Engine/Content/Functions/Engine_MaterialFunctions01/Shading/PowerToRoughness.uasset" 2
"../../../Engine/Content/Functions/Engine_MaterialFunctions01/Shading/ConvertFromDiffSpec.uasset" 3
"../../../Engine/Content/EngineMaterials/DefaultDiffuse.uasset" 4
"../../../Engine/Content/EngineMaterials/DefaultDeferredDecalMaterial.uasset" 5
"../../../Engine/Content/EngineMaterials/DefaultLightFunctionMaterial.uasset" 6
"../../../Engine/Content/Functions/Engine_MaterialFunctions02/Utility/BreakOutFloat2Components.uasset" 7
"../../../Engine/Content/EngineMaterials/DefaultPostProcessMaterial.uasset" 8
"../../../Engine/Content/EngineResources/DefaultTexture.uasset" 9
"../../../Engine/Content/Functions/Engine_MaterialFunctions01/Texturing/ScaleUVsByCenter.uasset" 10
"../../../Engine/Content/Functions/Engine_MaterialFunctions02/ScreenResolution.uasset" 11
"../../../Engine/Content/Functions/Engine_MaterialFunctions02/Texturing/ScreenAlignedUVs.uasset" 12
"../../../Engine/Content/EngineResources/WhiteSquareTexture.uasset" 13
"../../../Engine/Content/EngineMaterials/Widget3DPassThrough.uasset" 14
"../../../Engine/Content/EngineMaterials/Widget3DPassThrough_Translucent.uasset" 15
"../../../Engine/Content/EngineMaterials/Widget3DPassThrough_Translucent_OneSided.uasset" 16
"../../../Engine/Content/EngineMaterials/Widget3DPassThrough_Opaque.uasset" 17
"../../../Engine/Content/EngineMaterials/Widget3DPassThrough_Opaque_OneSided.uasset" 18
"../../../Engine/Content/EngineMaterials/Widget3DPassThrough_Masked.uasset" 19
"../../../Engine/Content/EngineMaterials/Widget3DPassThrough_Masked_OneSided.uasset" 20
"../../../Engine/Content/Maps/Templates/Thumbnails/Default.uasset" 21
"../../../Engine/Content/EditorMaterials/ParticleSystems/PSysThumbnail_NoImage.uasset" 22
"../../../Engine/Content/EditorMaterials/ParticleSystems/PSysThumbnail_OOD.uasset" 23
"../../../Engine/Content/EditorLandscapeResources/DataLayer.uasset" 24
"../../../Engine/Content/EngineDamageTypes/DmgTypeBP_Environmental.uasset" 25
"../../../Engine/Content/EngineMeshes/Sphere.uasset" 26
"../../../Engine/Content/EngineFonts/RobotoDistanceField.uasset" 27
"../../../Engine/Content/EngineMaterials/DefaultTextMaterialOpaque.uasset" 28
"../../../Engine/Content/EditorResources/S_Trigger.uasset" 29
"../../../Engine/Content/EngineResources/GradientTexture0.uasset" 30
"../../../Engine/Content/EngineResources/Black.uasset" 31
"../../../Engine/Content/EditorMaterials/MatineeGroups/MAT_Groups_Float.uasset" 32
"../../../Engine/Content/EditorMaterials/MatineeGroups/MAT_Groups_Director.uasset" 33
"../../../Engine/Content/EditorMaterials/MatineeGroups/MAT_Groups_Event.uasset" 34
"../../../Engine/Content/EditorMaterials/MatineeGroups/MAT_Groups_Anim.uasset" 35
"../../../Engine/Content/EditorMaterials/MatineeGroups/MAT_Groups_Fade.uasset" 36
"../../../Engine/Content/EditorMaterials/MatineeGroups/MAT_Groups_Move.uasset" 37
"../../../Engine/Content/EditorMaterials/MatineeGroups/MAT_Groups_Slomo.uasset" 38
"../../../Engine/Content/EditorMaterials/MatineeGroups/MAT_ColorTrack.uasset" 39
"../../../Engine/Content/EditorMaterials/MAT_Groups_Toggle.uasset" 40
"../../../Engine/Content/EditorMaterials/MatineeGroups/MAT_Groups_AudioMaster.uasset" 41
"../../../Engine/Content/EditorMaterials/MatineeGroups/MAT_Groups_Sound.uasset" 42
"../../../Engine/Content/EditorMaterials/MatineeGroups/MAT_Groups_Vector.uasset" 43
"../../../Engine/Content/EditorMaterials/MAT_Groups_Visibility.uasset" 44
"../../../Engine/Content/EngineResources/DefaultTextureCube.uasset" 45
"../../../Engine/Content/Functions/Engine_MaterialFunctions01/Opacity/CameraDepthFade.uasset" 46
"../../../Engine/Content/EngineMaterials/T_Default_Material_Grid_M.uasset" 47
"../../../Engine/Content/EngineMaterials/T_Default_Material_Grid_N.uasset" 48
"../../../Engine/Content/EngineMaterials/DefaultMaterial.uasset" 49
"../../../Engine/Content/EngineMeshes/Cylinder.uasset" 50
"../../../Engine/Content/EngineTireTypes/DefaultTireType.uasset" 51
"../../../Engine/Content/Tutorial/Basics/TutorialAssets/icon_tab_Levels_40x.uasset" 52
"../../../Engine/Content/Tutorial/ContentIntroCurve.uasset" 53
"../../../Engine/Plugins/2D/Paper2D/Content/PlaceholderTextures/DummySpriteTexture.uasset" 54
"../../../Engine/Plugins/2D/Paper2D/Content/DefaultSpriteMaterial.uasset" 55
"../../../Engine/Plugins/2D/Paper2D/Content/MaskedUnlitSpriteMaterial.uasset" 56
"../../../Engine/Plugins/2D/Paper2D/Content/OpaqueUnlitSpriteMaterial.uasset" 57
"../../../Engine/Plugins/2D/Paper2D/Content/DummySprite.uasset" 58
"../../../Engine/Plugins/2D/Paper2D/Content/DefaultPaperTerrainMaterial.uasset" 59
"../../../Engine/Content/EngineMaterials/RemoveSurfaceMaterial.uasset" 60
"../../../Engine/Content/EngineDebugMaterials/DebugMeshMaterial.uasset" 61
"../../../Engine/Content/EngineMaterials/InvalidLightmapSettings.uasset" 62
"../../../Engine/Content/EngineMaterials/M_InvalidLightmapSettings.uasset" 63
"../../../Engine/Content/EditorMaterials/GizmoMaterial.uasset" 64
"../../../Engine/Content/EngineMaterials/Good64x64TilingNoiseHighFreq.uasset" 65
"../../../Engine/Content/EngineMaterials/DefaultBokeh.uasset" 66
"../../../Engine/Content/EngineMaterials/PreintegratedSkinBRDF.uasset" 67
"../../../Engine/Content/EngineMaterials/MiniFont.uasset" 68
"../../../Engine/Content/EngineMaterials/WeightMapPlaceholderTexture.uasset" 69
"../../../Engine/Content/EngineMaterials/DefaultWhiteGrid.uasset" 70
"../../../Engine/Content/EngineMaterials/DefaultPhysicalMaterial.uasset" 71
"../../../Engine/Content/EngineFonts/RobotoTiny.uasset" 72
"../../../Engine/Content/EngineResources/AICON-Red.uasset" 73
"../../../Engine/Content/EngineResources/AICON-Green.uasset" 74
"../../../Engine/Content/MobileResources/HUD/MobileHUDDirectionPad.uasset" 75
"../../../Engine/Content/MobileResources/HUD/MobileHUDButton2_on.uasset" 76
"../../../Engine/Content/MobileResources/HUD/MobileHUDDirectionPad2.uasset" 77
"../../../Engine/Content/MobileResources/HUD/MobileHUDButton2_off.uasset" 78
"../../../Engine/Content/MobileResources/HUD/MobileHUDDirectionPad3.uasset" 79
"../../../Engine/Content/MobileResources/HUD/T_Castle_ThumbstickOutter.uasset" 80
"../../../Engine/Content/MobileResources/T_MobileControls_texture.uasset" 81
"../../../Engine/Content/MobileResources/HUD/VirtualJoystick_Background.uasset" 82
"../../../Engine/Content/MobileResources/HUD/VirtualJoystick_Thumb.uasset" 83
"../../../Engine/Content/MobileResources/HUD/DefaultVirtualJoysticks.uasset" 84
"../../../Engine/Content/MobileResources/HUD/LeftVirtualJoystickOnly.uasset" 85
"../../../Engine/Content/MobileResources/HUD/MobileHUDButton1_off.uasset" 86
"../../../Engine/Content/MobileResources/HUD/MobileHUDButtonFire.uasset" 87
"../../../Engine/Content/MobileResources/HUD/T_Castle_ThumbstickInner.uasset" 88
"../../../Engine/Content/MobileResources/HUD/MobileHUDButton3.uasset" 89
"../../../Engine/Content/MobileResources/HUD/AnalogHat.uasset" 90
"../../../Engine/Content/MobileResources/HUD/MobileHUDDirectionStick.uasset" 91
"../../../Engine/Content/MobileResources/HUD/MobileHUDButton1_on.uasset" 92
"../../../Engine/Content/EditorResources/EmptyActor.uasset" 93
"../../../Engine/Content/MobileResources/T_MobileMenu2.uasset" 94
"../../../Engine/Content/EditorMaterials/PhAT_JointLimitMaterial.uasset" 95
"../../../Engine/Content/EditorMaterials/PreviewShadowIndicator.uasset" 96
"../../../Engine/Content/EditorMaterials/PreviewShadowIndicatorMaterial.uasset" 97
"../../../Engine/Content/EditorMeshes/ColorCalibrator/M_ChromeBall.uasset" 98
"../../../Engine/Content/EditorMeshes/ColorCalibrator/M_ClearCoat.uasset" 99
"../../../Engine/Content/EditorMeshes/ColorCalibrator/M_ClearCoatBlack.uasset" 100
"../../../Engine/Content/EditorMeshes/ColorCalibrator/T_ColorGrid.uasset" 101
"../../../Engine/Content/EditorMeshes/ColorCalibrator/M_ColorGrid.uasset" 102
"../../../Engine/Content/EditorMeshes/ColorCalibrator/M_GreyBall.uasset" 103
"../../../Engine/Content/EditorMeshes/ColorCalibrator/SM_ColorCalibrator.uasset" 104
"../../../Engine/Content/EditorResources/BSPVertex.uasset" 105
"../../../Engine/Content/EngineDebugMaterials/HeatmapGradient.uasset" 106
"../../../Engine/Content/EngineDebugMaterials/BoneWeightMaterial.uasset" 107
"../../../Engine/Content/EngineDebugMaterials/GeomMaterial.uasset" 108
"../../../Engine/Content/EngineMaterials/EditorBrushMaterial.uasset" 109
"../../../Engine/Content/EngineMeshes/Cube.uasset" 110
"../../../Engine/Content/Tutorial/BlueprintTutorials/TutorialAssets/BlueprintInterface_64x.uasset" 111
"../../../Engine/Content/Tutorial/BlueprintTutorials/TutorialAssets/BlueprintMacroLibrary_64x.uasset" 112
"../../../Engine/Content/Tutorial/BlueprintTutorials/TutorialAssets/Blueprint_64x.uasset" 113
"../../../Engine/Content/Tutorial/BlueprintTutorials/TutorialAssets/Tutorial_BP_Interface.uasset" 114
"../../../Engine/Content/Tutorial/Foliage/TutorialAssets/Foliage.uasset" 115
"../../../Engine/Content/Tutorial/Landscape/TutorialAssets/Landscape.uasset" 116
"../../../Engine/Content/Tutorial/Paper2D/TutorialAssets/Paper2DFlipbook_TutorialIcon.uasset" 117
"../../../Engine/Content/Tutorial/Paper2D/TutorialAssets/Paper2DSprite_TutorialIcon.uasset" 118
"../../../Engine/Content/Tutorial/SubEditors/TutorialAssets/icon_Editor_Preferences_General_40x.uasset" 119
"../../../Engine/Content/Tutorial/SubEditors/TutorialAssets/icon_ShowSkeletalMeshes_40x.uasset" 120
"../../../Engine/Content/Tutorial/SubEditors/TutorialAssets/TutorialMaterial.uasset" 121
"../../../Engine/Content/Tutorial/SubEditors/TutorialAssets/T_SmokeSubUV_8X8.uasset" 122
"../../../Engine/Content/Tutorial/SubEditors/TutorialAssets/T_soft_smoke.uasset" 123
"../../../Engine/Content/Tutorial/SubEditors/TutorialAssets/M_smoke_subUV_blackbody.uasset" 124
"../../../Engine/Content/Tutorial/SubEditors/TutorialAssets/TutorialParticleSystem.uasset" 125
"../../../Engine/Content/EngineMaterials/WorldGridMaterial.uasset" 126
"../../../Engine/Content/Tutorial/SubEditors/TutorialAssets/Tutorial_DM.uasset" 127
"../../../MyStudy_LJS/Content/Mannequin/Character/Mesh/UE4_Mannequin_Skeleton.uasset" 128
"../../../MyStudy_LJS/Content/TwinStickShooter/AnimationAssets/Death_1.uasset" 129
"../../../MyStudy_LJS/Content/TwinStickShooter/AnimationAssets/Death_2.uasset" 130
"../../../MyStudy_LJS/Content/TwinStickShooter/AnimationAssets/Death_3.uasset" 131
"../../../MyStudy_LJS/Content/TwinStickShooter/AnimationAssets/Idle_Rifle_Hip.uasset" 132
"../../../MyStudy_LJS/Content/TwinStickShooter/AnimationAssets/Jog_Fwd_Rifle.uasset" 133
"../../../MyStudy_LJS/Content/TwinStickShooter/AnimationAssets/Jog_Lt_Rifle.uasset" 134
"../../../MyStudy_LJS/Content/TwinStickShooter/AnimationAssets/Jog_Rt_Rifle.uasset" 135
"../../../MyStudy_LJS/Content/TwinStickShooter/AnimationAssets/HeroBlend_TSS.uasset" 136
"../../../Engine/Content/EditorBlueprintResources/StandardMacros.uasset" 137
"../../../MyStudy_LJS/Content/TwinStickShooter/Blueprint/BaseCharacter.uasset" 138
"../../../MyStudy_LJS/Content/TwinStickShooter/AnimationAssets/CharacterAnimBP_TSS.uasset" 139
"../../../MyStudy_LJS/Content/TwinStickShooter/AnimationAssets/Enemy_Idle.uasset" 140
"../../../MyStudy_LJS/Content/TwinStickShooter/AnimationAssets/Enemy_Walk.uasset" 141
"../../../MyStudy_LJS/Content/TwinStickShooter/AnimationAssets/EnemyBlend_TSS.uasset" 142
"../../../MyStudy_LJS/Content/TwinStickShooter/AnimationAssets/EnemyAnimBP_TSS.uasset" 143
"../../../MyStudy_LJS/Content/TwinStickShooter/Blueprint/EnemyAI.uasset" 144
"../../../MyStudy_LJS/Content/TwinStickShooter/Blueprint/IDamagable.uasset" 145
"../../../MyStudy_LJS/Content/TwinStickShooter/Blueprint/EnemySpawner.uasset" 146
"../../../MyStudy_LJS/Content/TwinStickShooter/Blueprint/TwinStickMode.uasset" 147
"../../../MyStudy_LJS/Content/TwinStickShooter/Material/ProjectileMat.uasset" 148
"../../../Engine/Content/BasicShapes/Sphere.uasset" 149
"../../../MyStudy_LJS/Content/TwinStickShooter/Blueprint/Projectile.uasset" 150
"../../../Engine/Content/Functions/Engine_MaterialFunctions02/Utility/BlendAngleCorrectedNormals.uasset" 151
"../../../Engine/Content/Functions/MaterialLayerFunctions/MatLayerBlend_NormalBlend.uasset" 152
"../../../Engine/Content/Functions/MaterialLayerFunctions/MatLayerBlend_Simple.uasset" 153
"../../../MyStudy_LJS/Content/FirstPerson/FPWeapon/Materials/MaterialLayers/T_ML_Rubber_Blue_01_D.uasset" 154
"../../../MyStudy_LJS/Content/FirstPerson/FPWeapon/Materials/MaterialLayers/T_ML_Rubber_Blue_01_N.uasset" 155
"../../../MyStudy_LJS/Content/FirstPerson/FPWeapon/Materials/MaterialLayers/ML_GlossyBlack_Latex_UE4.uasset" 156
"../../../MyStudy_LJS/Content/FirstPerson/FPWeapon/Materials/MaterialLayers/ML_Plastic_Shiny_Beige.uasset" 157
"../../../MyStudy_LJS/Content/FirstPerson/FPWeapon/Materials/MaterialLayers/ML_Screen.uasset" 158
"../../../MyStudy_LJS/Content/FirstPerson/FPWeapon/Materials/MaterialLayers/T_ML_Aluminum01.uasset" 159
"../../../MyStudy_LJS/Content/FirstPerson/FPWeapon/Materials/MaterialLayers/T_ML_Aluminum01_N.uasset" 160
"../../../MyStudy_LJS/Content/FirstPerson/FPWeapon/Materials/MaterialLayers/ML_SoftMetal_UE4.uasset" 161
"../../../MyStudy_LJS/Content/FirstPerson/FPWeapon/Textures/T_FPGun_M.uasset" 162
"../../../MyStudy_LJS/Content/FirstPerson/FPWeapon/Textures/T_FPGun_N.uasset" 163
"../../../MyStudy_LJS/Content/FirstPerson/FPWeapon/Materials/M_FPGun.uasset" 164
"../../../MyStudy_LJS/Content/TwinStickShooter/FPWeapon/Mesh/SK_FPGun.uasset" 165
"../../../MyStudy_LJS/Content/TwinStickShooter/Blueprint/Weapon.uasset" 166
"../../../MyStudy_LJS/Content/Mannequin/Character/Materials/MaterialLayers/T_ML_Rubber_Blue_01_D.uasset" 167
"../../../MyStudy_LJS/Content/Mannequin/Character/Materials/MaterialLayers/T_ML_Rubber_Blue_01_N.uasset" 168
"../../../MyStudy_LJS/Content/Mannequin/Character/Materials/MaterialLayers/ML_GlossyBlack_Latex_UE4.uasset" 169
"../../../MyStudy_LJS/Content/Mannequin/Character/Materials/MaterialLayers/ML_Plastic_Shiny_Beige.uasset" 170
"../../../MyStudy_LJS/Content/Mannequin/Character/Textures/UE4_LOGO_CARD.uasset" 171
"../../../MyStudy_LJS/Content/Mannequin/Character/Materials/MaterialLayers/ML_Plastic_Shiny_Beige_LOGO.uasset" 172
"../../../MyStudy_LJS/Content/Mannequin/Character/Materials/MaterialLayers/T_ML_Aluminum01.uasset" 173
"../../../MyStudy_LJS/Content/Mannequin/Character/Materials/MaterialLayers/T_ML_Aluminum01_N.uasset" 174
"../../../MyStudy_LJS/Content/Mannequin/Character/Materials/MaterialLayers/ML_SoftMetal_UE4.uasset" 175
"../../../MyStudy_LJS/Content/Mannequin/Character/Textures/UE4_Mannequin__normals.uasset" 176
"../../../MyStudy_LJS/Content/Mannequin/Character/Textures/UE4_Mannequin_MAT_MASKA.uasset" 177
"../../../MyStudy_LJS/Content/Mannequin/Character/Materials/M_UE4Man_Body.uasset" 178
"../../../MyStudy_LJS/Content/Mannequin/Character/Textures/UE4Man_Logo_N.uasset" 179
"../../../MyStudy_LJS/Content/Mannequin/Character/Materials/M_UE4Man_ChestLogo.uasset" 180
"../../../MyStudy_LJS/Content/Mannequin/Character/Mesh/SK_Mannequin_PhysicsAsset.uasset" 181
"../../../MyStudy_LJS/Content/Mannequin/Character/Mesh/SK_Mannequin.uasset" 182
"../../../MyStudy_LJS/Content/TwinStickShooter/Blueprint/TwinStickHUD.uasset" 183
"../../../MyStudy_LJS/Content/TwinStickShooter/Blueprint/HeroCharacter.uasset" 184
"../../../MyStudy_LJS/Content/TwinStickShooter/Blueprint/EnemyCharacter.uasset" 185
"../../../MyStudy_LJS/Content/StarterContent/Textures/T_Brick_Clay_New_D.uasset" 186
"../../../MyStudy_LJS/Content/StarterContent/Textures/T_Brick_Clay_New_M.uasset" 187
"../../../MyStudy_LJS/Content/StarterContent/Textures/T_Brick_Clay_New_N.uasset" 188
"../../../MyStudy_LJS/Content/StarterContent/Textures/T_Detail_Rocky_N.uasset" 189
"../../../MyStudy_LJS/Content/StarterContent/Textures/T_MacroVariation.uasset" 190
"../../../MyStudy_LJS/Content/StarterContent/Materials/M_Brick_Clay_New.uasset" 191
"../../../MyStudy_LJS/Content/StarterContent/Textures/T_Concrete_Tiles_D.uasset" 192
"../../../MyStudy_LJS/Content/StarterContent/Textures/T_Concrete_Tiles_M.uasset" 193
"../../../MyStudy_LJS/Content/StarterContent/Textures/T_Concrete_Tiles_N.uasset" 194
"../../../MyStudy_LJS/Content/StarterContent/Textures/T_Concrete_Tiles_Variation_M.uasset" 195
"../../../MyStudy_LJS/Content/StarterContent/Materials/M_Concrete_Tiles.uasset" 196
"../../../MyStudy_LJS/Content/StarterContent/HDRI/HDRI_Epic_Courtyard_Daylight.uasset" 197
"../../../MyStudy_LJS/Content/TwinStickShooter/Map/TSSMap.umap" 198
"../../../Engine/Content/EngineMaterials/DefaultNormal.uasset" 199
"../../../Engine/Content/Maps/Entry.umap" 200
