Log file open, 06/03/16 22:43:01
LogInit:Display: Running engine for game: MyStudy_LJS
LogPlatformFile: Not using cached read wrapper
LogInit:Display: RandInit(-1579697858) SRandInit(-1579697856).
LogTaskGraph: Started task graph with 4 named threads and 7 total threads.
LogStats: Stats thread started at 0.082505
LogHMD: Can't find Oculus library dev build: is proper Runtime installed? Version: 1.3.0
LogInit: Version: 4.11.2-2946394+++UE4+Release-4.11
LogInit: API Version: 2927265
LogInit: Compiled (64-bit): Apr 18 2016 02:18:46
LogInit: Compiled with Visual C++: 19.00.23026.00
LogInit: Build Configuration: Development
LogInit: Branch Name: ++UE4+Release-4.11
LogInit: Command line:  
LogInit: Base directory: C:/Program Files/Unreal Engine/4.11/Engine/Binaries/Win64/
LogInit: Installed Engine Build: 1
LogInit: Using libcurl 7.41.0
LogInit:  - built for x86_64-pc-win32
LogInit:  - supports SSL with WinSSL
LogInit:  - other features:
LogInit:      CURL_VERSION_SSL
LogInit:      CURL_VERSION_IPV6
LogInit:      CURL_VERSION_ASYNCHDNS
LogInit:      CURL_VERSION_LARGEFILE
LogInit:      CURL_VERSION_IDN
LogInit:  CurlRequestOptions (configurable via config and command line):
LogInit:  - bVerifyPeer = true  - Libcurl will verify peer certificate
LogInit:  - bUseHttpProxy = false  - Libcurl will NOT use HTTP proxy
LogInit:  - bDontReuseConnections = false  - Libcurl will reuse connections
LogInit:  - CertBundlePath = nullptr  - Libcurl will use whatever was configured at build time.
LogInit: Presizing for max 16777216 objects, including 0 objects not considered by GC, pre-allocating 0 bytes for permanent pool.
LogInit: Object subsystem initialized
[2016.06.03-13.43.01:167][  0]LogInit: Selected Device Profile: [Windows]
[2016.06.03-13.43.01:167][  0]LogInit: Applying CVar settings loaded from the selected device profile: [Windows]
[2016.06.03-13.43.01:178][  0]LogInit: Computer: EMPRISE
[2016.06.03-13.43.01:178][  0]LogInit: User: nightfall
[2016.06.03-13.43.01:178][  0]LogInit: CPU Page size=65536, Cores=4
[2016.06.03-13.43.01:178][  0]LogInit: High frequency timer resolution =3.312786 MHz
[2016.06.03-13.43.01:178][  0]LogMemory: Memory total: Physical=15.9GB (16GB approx)
[2016.06.03-13.43.01:178][  0]LogMemory: Platform Memory Stats for Windows
[2016.06.03-13.43.01:178][  0]LogMemory: Process Physical Memory: 313.63 MB used, 313.63 MB peak
[2016.06.03-13.43.01:178][  0]LogMemory: Process Virtual Memory: 315.50 MB used, 315.50 MB peak
[2016.06.03-13.43.01:178][  0]LogMemory: Physical Memory: 4033.08 MB used, 16268.42 MB total
[2016.06.03-13.43.01:178][  0]LogMemory: Virtual Memory: 652.17 MB used, 134217728.00 MB total
[2016.06.03-13.43.01:239][  0]LogTextLocalizationManager: No specific translations for ('en-US') exist, so ('en') translations will be used.
[2016.06.03-13.43.01:629][  0]LogD3D11RHI: D3D11 adapters:
[2016.06.03-13.43.01:661][  0]LogD3D11RHI:    0. 'NVIDIA GeForce GTX 660  ' (Feature Level 11_0)
[2016.06.03-13.43.01:661][  0]LogD3D11RHI:       1988MB of dedicated video memory, 0MB of dedicated system memory, and 8134MB of shared system memory, 1 output[s]
[2016.06.03-13.43.01:666][  0]LogD3D11RHI:    1. 'Intel(R) HD Graphics' (Feature Level 11_0)
[2016.06.03-13.43.01:666][  0]LogD3D11RHI:       32MB of dedicated video memory, 0MB of dedicated system memory, and 1760MB of shared system memory, 0 output[s]
[2016.06.03-13.43.01:668][  0]LogD3D11RHI:    2. 'Microsoft Basic Render Driver' (Feature Level 11_0)
[2016.06.03-13.43.01:668][  0]LogD3D11RHI:       0MB of dedicated video memory, 0MB of dedicated system memory, and 8134MB of shared system memory, 0 output[s]
[2016.06.03-13.43.01:668][  0]LogD3D11RHI: Chosen D3D11 Adapter: 0
[2016.06.03-13.43.01:673][  0]LogD3D11RHI: Creating new Direct3DDevice
[2016.06.03-13.43.01:673][  0]LogD3D11RHI:     Adapter Name: NVIDIA GeForce GTX 660  
[2016.06.03-13.43.01:673][  0]LogD3D11RHI:   Driver Version: Unknown (internal Unknown)
[2016.06.03-13.43.01:673][  0]LogD3D11RHI:      Driver Date: Unknown
[2016.06.03-13.43.01:673][  0]LogRHI: Texture pool is 1361 MB (70% of 1945 MB)
[2016.06.03-13.43.01:687][  0]LogD3D11RHI: Async texture creation enabled
[2016.06.03-13.43.01:703][  0]LogShaderCompilers: Guid format shader working directory is 14 characters bigger than the processId version (D:/Unreal4Projects_LJS/MyStudy_LJS/Intermediate/Shaders/WorkingDirectory/10172/).
[2016.06.03-13.43.01:703][  0]LogShaderCompilers: Cleaned the shader compiler working directory 'C:/Users/NIGHTF~1/AppData/Local/Temp/UnrealShaderWorkingDir/77EB1B88491B2B6F4672288D2DA04081/'.
[2016.06.03-13.43.01:703][  0]LogShaderCompilers:Display: Using Local Shader Compiler.
[2016.06.03-13.43.02:830][  0]LogTemp:Display: Loaded TP AllDesktopTargetPlatform
[2016.06.03-13.43.02:837][  0]LogTemp:Display: Loaded TP WindowsClientTargetPlatform
[2016.06.03-13.43.02:843][  0]LogTemp:Display: Loaded TP WindowsNoEditorTargetPlatform
[2016.06.03-13.43.02:850][  0]LogTemp:Display: Loaded TP WindowsServerTargetPlatform
[2016.06.03-13.43.02:856][  0]LogTemp:Display: Loaded TP WindowsTargetPlatform
[2016.06.03-13.43.02:861][  0]LogTemp:Display: Loaded TP AndroidTargetPlatform
[2016.06.03-13.43.02:865][  0]LogTemp:Display: Loaded TP Android_ASTCTargetPlatform
[2016.06.03-13.43.02:870][  0]LogTemp:Display: Loaded TP Android_ATCTargetPlatform
[2016.06.03-13.43.02:875][  0]LogTemp:Display: Loaded TP Android_DXTTargetPlatform
[2016.06.03-13.43.02:879][  0]LogTemp:Display: Loaded TP Android_ETC1TargetPlatform
[2016.06.03-13.43.02:884][  0]LogTemp:Display: Loaded TP Android_ETC2TargetPlatform
[2016.06.03-13.43.02:893][  0]LogTemp:Display: Loaded TP Android_MultiTargetPlatform
[2016.06.03-13.43.02:893][  0]LogTemp:Display: Loaded TP Android_PVRTCTargetPlatform
[2016.06.03-13.43.02:895][  0]LogTemp:Display: Loaded TP HTML5TargetPlatform
[2016.06.03-13.43.02:915][  0]LogTemp:Display: Loaded TP IOSTargetPlatform
[2016.06.03-13.43.02:919][  0]LogTemp:Display: Loaded TP TVOSTargetPlatform
[2016.06.03-13.43.02:922][  0]LogTemp:Display: Loaded TP LinuxNoEditorTargetPlatform
[2016.06.03-13.43.02:926][  0]LogTemp:Display: Loaded TP LinuxServerTargetPlatform
[2016.06.03-13.43.02:931][  0]LogTemp:Display: Loaded TP LinuxTargetPlatform
[2016.06.03-13.43.02:931][  0]LogTargetPlatformManager:Display: Building Assets For Windows
[2016.06.03-13.43.03:033][  0]LogDerivedDataCache:Display: Max Cache Size: 512 MB
[2016.06.03-13.43.03:076][  0]LogDerivedDataCache: Loaded boot cache 0.04s 46MB C:/Users/nightfall/AppData/Local/UnrealEngine/4.11/DerivedDataCache/Boot.ddc.
[2016.06.03-13.43.03:076][  0]LogDerivedDataCache:Display: Loaded Boot cache: C:/Users/nightfall/AppData/Local/UnrealEngine/4.11/DerivedDataCache/Boot.ddc
[2016.06.03-13.43.03:076][  0]LogDerivedDataCache: FDerivedDataBackendGraph:  Pak pak cache file D:/Unreal4Projects_LJS/MyStudy_LJS/DerivedDataCache/DDC.ddp not found, will not use a pak cache.
[2016.06.03-13.43.03:076][  0]LogDerivedDataCache: Unable to find inner node Pak for hierarchical cache Hierarchy.
[2016.06.03-13.43.03:076][  0]LogDerivedDataCache: FDerivedDataBackendGraph:  CompressedPak pak cache file D:/Unreal4Projects_LJS/MyStudy_LJS/DerivedDataCache/Compressed.ddp not found, will not use a pak cache.
[2016.06.03-13.43.03:076][  0]LogDerivedDataCache: Unable to find inner node CompressedPak for hierarchical cache Hierarchy.
[2016.06.03-13.43.03:090][  0]LogDerivedDataCache:Display: Pak cache opened for reading ../../../Engine/DerivedDataCache/Compressed.ddp.
[2016.06.03-13.43.03:104][  0]LogDerivedDataCache: Using Local data cache path C:/Users/nightfall/AppData/Local/UnrealEngine/Common/DerivedDataCache: Writable
[2016.06.03-13.43.03:319][  0]LogInit: Selected Device Profile: [Windows]
[2016.06.03-13.43.03:320][  0]LogContentStreaming: Texture pool size is 0.00 MB
[2016.06.03-13.43.03:364][  0]LogMaterial: Uniform references updated for custom material expression Custom.
[2016.06.03-13.43.03:512][  0]LogMeshUtilities: No automatic mesh reduction module available
[2016.06.03-13.43.03:512][  0]LogMeshUtilities: No automatic mesh merging module available
[2016.06.03-13.43.03:512][  0]LogMeshUtilities: No distributed automatic mesh merging module available
[2016.06.03-13.43.03:757][  0]LogUObjectArray: 27679 objects as part of root set at end of initial load.
[2016.06.03-13.43.03:757][  0]LogUObjectAllocator: 5591592 out of 0 bytes used by permanent object pool.
[2016.06.03-13.43.03:757][  0]LogUObjectArray: CloseDisregardForGC: 0/0 objects in disregard for GC pool
[2016.06.03-13.43.03:766][  0]LogInit: WinSock: version 1.1 (2.2), MaxSocks=32767, MaxUdp=65467
[2016.06.03-13.43.03:901][  0]LogSlate: SlateFontCache - WITH_FREETYPE: 1, WITH_HARFBUZZ: 1
[2016.06.03-13.43.03:901][  0]LogSlate: SlateFontCache - WITH_FREETYPE: 1, WITH_HARFBUZZ: 1
[2016.06.03-13.43.04:041][  0]LogStreaming:Warning: Failed to read file '../../../Engine/Content/Editor/Slate/Common/Selection_16x.png' error.
[2016.06.03-13.43.04:041][  0]LogSlate: Could not find file for Slate resource: ../../../Engine/Content/Editor/Slate/Common/Selection_16x.png
[2016.06.03-13.43.04:041][  0]LogStreaming:Warning: Failed to read file '../../../Engine/Content/Editor/Slate/Common/Selection_16x.png' error.
[2016.06.03-13.43.04:041][  0]LogSlate: Could not find file for Slate resource: ../../../Engine/Content/Editor/Slate/Common/Selection_16x.png
[2016.06.03-13.43.04:041][  0]LogStreaming:Warning: Failed to read file '../../../Engine/Content/Editor/Slate/Common/Selection_16x.png' error.
[2016.06.03-13.43.04:041][  0]LogSlate: Could not find file for Slate resource: ../../../Engine/Content/Editor/Slate/Common/Selection_16x.png
[2016.06.03-13.43.04:747][  0]LogUdpMessaging: Initializing bridge on interface 0.0.0.0:0 to multicast group 230.0.0.1:6666.
[2016.06.03-13.43.04:875][  0]LogAssetRegistry: FAssetRegistry took 0.0224 seconds to start up
[2016.06.03-13.43.05:048][  0]SourceControl: Info Source control is disabled
[2016.06.03-13.43.05:051][  0]SourceControl: Info Source control is disabled
[2016.06.03-13.43.05:062][  0]SourceControl: Info Source control is disabled
[2016.06.03-13.43.05:073][  0]SourceControl: Info Source control is disabled
[2016.06.03-13.43.05:674][  0]LogEngine: Initializing Engine...
[2016.06.03-13.43.06:557][  0]LogHMD: SteamVR initialized.  Driver: oculus_legacy  Display: 20754K00RJGR
[2016.06.03-13.43.06:708][  0]LogAIModule: Creating AISystem for world NewWorld
[2016.06.03-13.43.06:748][  0]LogInit: XAudio2 using '스피커(Realtek High Definition Audio)' : 2 channels at 48 kHz using 32 bits per sample (channel mask 0x3)
[2016.06.03-13.43.06:808][  0]LogInit: FAudioDevice initialized.
[2016.06.03-13.43.06:831][  0]LogDerivedDataCache: Saved boot cache 0.02s 46MB C:/Users/nightfall/AppData/Local/UnrealEngine/4.11/DerivedDataCache/Boot.ddc.
[2016.06.03-13.43.06:834][  0]LogInit: Texture streaming: Enabled
[2016.06.03-13.43.06:868][  0]LogInit: Transaction tracking system initialized
[2016.06.03-13.43.06:901][  0]BlueprintLog: New page: Editor Load
[2016.06.03-13.43.07:004][  0]LocalizationService: Info Localization service is disabled
[2016.06.03-13.43.07:105][  0]LogConsoleResponse:Display: 
[2016.06.03-13.43.07:244][  0]LogCook:Display: Max memory allowance for cook 8192mb
[2016.06.03-13.43.07:244][  0]LogCook:Display: Mobile HDR setting 1
[2016.06.03-13.43.07:244][  0]LogCook:Display: Done creating registry. It took  0.00s.
[2016.06.03-13.43.07:316][  0]LogFileCache: Scanning file cache for directory 'D:/Unreal4Projects_LJS/MyStudy_LJS/Content/' took 0.01s
[2016.06.03-13.43.07:316][  0]SourceControl: Info Source control is disabled
[2016.06.03-13.43.07:316][  0]Cmd: MAP LOAD FILE="D:/Unreal4Projects_LJS/MyStudy_LJS/Content/ThirdPersonBP/Maps/ThirdPersonExampleMap.umap" TEMPLATE=0 SHOWPROGRESS=1 FEATURELEVEL=3
[2016.06.03-13.43.07:317][  0]LightingResults: New page: Lighting Build
[2016.06.03-13.43.07:321][  0]MapCheck: New page: Map Check
[2016.06.03-13.43.07:321][  0]LightingResults: New page: Lighting Build
[2016.06.03-13.43.07:804][  0]LogAIModule: Creating AISystem for world ThirdPersonExampleMap
[2016.06.03-13.43.07:813][  0]LogEditorServer: Finished looking for orphan Actors (0.000 secs)
[2016.06.03-13.43.07:813][  0]Cmd: MAP CHECKDEP NOCLEARLOG
[2016.06.03-13.43.07:930][  0]MapCheck: Info Map check complete: 0 Error(s), 0 Warning(s), took 117.083ms to complete.
[2016.06.03-13.43.07:930][  0]LogFileHelpers: Loading map 'ThirdPersonExampleMap' took 0.615
[2016.06.03-13.43.08:083][  0]LogCollectionManager: Loaded 0 collections in 0.003978 seconds
[2016.06.03-13.43.08:126][  0]LogFileCache: Scanning file cache for directory 'D:/Unreal4Projects_LJS/MyStudy_LJS/Saved/Collections/' took 0.01s
[2016.06.03-13.43.08:126][  0]LogFileCache: Scanning file cache for directory 'D:/Unreal4Projects_LJS/MyStudy_LJS/Content/Developers/nightfall/Collections/' took 0.01s
[2016.06.03-13.43.08:126][  0]LogFileCache: Scanning file cache for directory 'D:/Unreal4Projects_LJS/MyStudy_LJS/Content/Collections/' took 0.01s
[2016.06.03-13.43.08:126][  0]LogCollectionManager: Rebuilt the GUID cache for 0 collections in 0.000003 seconds
[2016.06.03-13.43.08:134][  0]LogContentBrowser: Native class hierarchy populated in 0.0072 seconds. Added 1979 classes and 343 folders.
[2016.06.03-13.43.08:138][  0]LogStats: UGameplayTagsManager::ConstructGameplayTagTree: Construct from data asset -  0.000 s
[2016.06.03-13.43.08:138][  0]LogStats: UGameplayTagsManager::ConstructGameplayTagTree: GameplayTagTreeChangedEvent.Broadcast -  0.000 s
[2016.06.03-13.43.08:139][  0]LogContentBrowser: Native class hierarchy updated for 'GameplayTags' in 0.0004 seconds. Added 12 classes and 0 folders.
[2016.06.03-13.43.08:145][  0]LogContentBrowser: Native class hierarchy updated for 'WidgetCarousel' in 0.0003 seconds. Added 0 classes and 0 folders.
[2016.06.03-13.43.08:154][  0]LogContentBrowser: Native class hierarchy updated for 'SuperSearch' in 0.0004 seconds. Added 1 classes and 2 folders.
[2016.06.03-13.43.08:208][  0]LogContentBrowser: Native class hierarchy updated for 'AddContentDialog' in 0.0003 seconds. Added 0 classes and 0 folders.
[2016.06.03-13.43.08:214][  0]LogContentBrowser: Native class hierarchy updated for 'SceneOutliner' in 0.0005 seconds. Added 1 classes and 2 folders.
[2016.06.03-13.43.08:280][  0]LogContentBrowser: Native class hierarchy updated for 'WorldBrowser' in 0.0004 seconds. Added 1 classes and 3 folders.
[2016.06.03-13.43.08:286][  0]LogCrashTracker: Crashtracker disabled due to settings.
[2016.06.03-13.43.08:291][  0]LogUObjectGlobals:Warning: Failed to find object 'Class None.'
[2016.06.03-13.43.08:318][  0]LogContentBrowser: Native class hierarchy updated for 'HierarchicalLODOutliner' in 0.0004 seconds. Added 1 classes and 2 folders.
[2016.06.03-13.43.08:318][  0]LogLoad: Full Startup: 7.98 seconds (BP compile: 0.12 seconds)
[2016.06.03-13.43.08:318][  0]LogExternalProfiler: Found external profiler: VSPerf
[2016.06.03-13.43.08:318][  0]LogExternalProfiler: Using external profiler: VSPerf
[2016.06.03-13.43.08:349][  0]LogWindowsTextInputMethodSystem:Display: IME system now activated using TSF (Microsoft 입력기).
[2016.06.03-13.43.08:350][  0]LogWindowsTextInputMethodSystem:Display: IME system now activated using TSF (Microsoft 입력기).
[2016.06.03-13.43.08:353][  0]LogOcInput: OculusInput pre-init called
[2016.06.03-13.43.08:357][  0]LogOcInput: Can't find Oculus library dev build: is proper Runtime installed? Version: 1.3.0
[2016.06.03-13.43.08:402][  0]LogContentStreaming: Texture pool size now 1000 MB
[2016.06.03-13.43.08:550][  0]LogRenderer: Reallocating scene render targets to support 948x616 (Frame:2).
[2016.06.03-13.43.08:611][  1]LogAssetRegistry: Asset discovery search completed in 3.7585 seconds
[2016.06.03-13.43.08:611][  1]LogCollectionManager: Rebuilt the object cache for 0 collections in 0.000001 seconds (found 0 objects)
[2016.06.03-13.43.08:611][  1]LogCollectionManager: Fixed up redirectors for 0 collections in 0.000022 seconds (updated 0 objects)
[2016.06.03-13.43.36:158][ 19]LogAssetTools:Warning: Failed to import 'D:\Unreal4Projects_LJS\TwinStickShooterContent/AnimationAssets/Death_1.uasset'. Unknown extension 'uasset'.
[2016.06.03-13.43.36:169][ 19]LogAssetTools:Warning: Failed to import 'D:\Unreal4Projects_LJS\TwinStickShooterContent/AnimationAssets/Death_2.uasset'. Unknown extension 'uasset'.
[2016.06.03-13.43.38:655][ 19]LogStats: FPlatformStackWalk::StackWalkAndDump -  2.486 s
[2016.06.03-13.43.38:655][ 19]LogOutputDevice:Warning: === Handled error: ===

Ensure condition failed: ExpectedWorkThisFrame <= WorkRemaining [File:D:\BuildFarm\buildmachine_++UE4+Release-4.11\Engine\Source\Runtime\Core\Public\Misc\FeedbackContext.h] [Line: 272]
Work overflow in slow task. Please revise call-site to account for entire progress range.
Stack: 
UE4Editor-Core.dll!FWindowsPlatformStackWalk::StackWalkAndDump() [d:\buildfarm\buildmachine_++ue4+release-4.11\engine\source\runtime\core\private\windows\windowsplatformstackwalk.cpp:178]
UE4Editor-Core.dll!FDebug::EnsureFailed() [d:\buildfarm\buildmachine_++ue4+release-4.11\engine\source\runtime\core\private\misc\outputdevice.cpp:317]
UE4Editor-Core.dll!FDebug::OptionallyLogFormattedEnsureMessageReturningFalse() [d:\buildfarm\buildmachine_++ue4+release-4.11\engine\source\runtime\core\private\misc\outputdevice.cpp:441]
UE4Editor-AssetTools.dll!FAssetTools::ImportAssets() [d:\buildfarm\buildmachine_++ue4+release-4.11\engine\source\developer\assettools\private\assettools.cpp:715]
UE4Editor-ContentBrowser.dll!SAssetView::OnDrop() [d:\buildfarm\buildmachine_++ue4+release-4.11\engine\source\editor\contentbrowser\private\sassetview.cpp:1209]
UE4Editor-Slate.dll!<lambda_b765a11949befdf49abf827d1550f784>::operator()() [d:\buildfarm\buildmachine_++ue4+release-4.11\engine\source\runtime\slate\private\framework\application\slateapplication.cpp:4572]
UE4Editor-Slate.dll!FEventRouter::Route<FReply,FEventRouter::FBubblePolicy,FPointerEvent,<lambda_b765a11949befdf49abf827d1550f784> >() [d:\buildfarm\buildmachine_++ue4+release-4.11\engine\source\runtime\slate\private\framework\application\slateapplication.cpp:214]
UE4Editor-Slate.dll!FSlateApplication::RoutePointerUpEvent() [d:\buildfarm\buildmachine_++ue4+release-4.11\engine\source\runtime\slate\private\framework\application\slateapplication.cpp:4563]
UE4Editor-Slate.dll!FSlateApplication::ProcessMouseButtonUpEvent() [d:\buildfarm\buildmachine_++ue4+release-4.11\engine\source\runtime\slate\private\framework\application\slateapplication.cpp:4947]
UE4Editor-Slate.dll!FSlateApplication::OnDragDrop() [d:\buildfarm\buildmachine_++ue4+release-4.11\engine\source\runtime\slate\private\framework\application\slateapplication.cpp:5831]
UE4Editor-Core.dll!FWindowsApplication::OnOLEDrop() [d:\buildfarm\buildmachine_++ue4+release-4.11\engine\source\runtime\core\private\windows\windowsapplication.cpp:1948]
UE4Editor-Core.dll!FWindowsWindow::Drop() [d:\buildfarm\buildmachine_++ue4+release-4.11\engine\source\runtime\core\private\windows\windowswindow.cpp:962]
ole32.dll
RPCRT4.dll
RPCRT4.dll
RPCRT4.dll
combase.dll
combase.dll
combase.dll
combase.dll
combase.dll
combase.dll
combase.dll
USER32.dll
USER32.dll
UE4Editor-Core.dll!FWindowsPlatformMisc::PumpMessages() [d:\buildfarm\buildmachine_++ue4+release-4.11\engine\source\runtime\core\private\windows\windowsplatformmisc.cpp:884]
UE4Editor.exe!FEngineLoop::Tick() [d:\buildfarm\buildmachine_++ue4+release-4.11\engine\source\runtime\launch\private\launchengineloop.cpp:2611]
UE4Editor.exe!GuardedMain() [d:\buildfarm\buildmachine_++ue4+release-4.11\engine\source\runtime\launch\private\launch.cpp:142]
UE4Editor.exe!GuardedMainWrapper() [d:\buildfarm\buildmachine_++ue4+release-4.11\engine\source\runtime\launch\private\windows\launchwindows.cpp:126]
UE4Editor.exe!WinMain() [d:\buildfarm\buildmachine_++ue4+release-4.11\engine\source\runtime\launch\private\windows\launchwindows.cpp:200]
UE4Editor.exe!__scrt_common_main_seh() [f:\dd\vctools\crt\vcstartup\src\startup\exe_common.inl:264]
KERNEL32.DLL
ntdll.dll
ntdll.dll

[2016.06.03-13.43.38:656][ 19]LogStats:                SubmitErrorReport -  0.000 s
[2016.06.03-13.43.39:406][ 19]LogStats:                    SendNewReport -  0.750 s
[2016.06.03-13.43.39:406][ 19]LogStats:             FDebug::EnsureFailed -  3.237 s
[2016.06.03-13.43.39:451][ 19]LogAssetTools:Warning: Failed to import 'D:\Unreal4Projects_LJS\TwinStickShooterContent/AnimationAssets/Death_3.uasset'. Unknown extension 'uasset'.
[2016.06.03-13.43.39:463][ 19]LogAssetTools:Warning: Failed to import 'D:\Unreal4Projects_LJS\TwinStickShooterContent/AnimationAssets/Enemy_Idle.uasset'. Unknown extension 'uasset'.
[2016.06.03-13.43.39:476][ 19]LogAssetTools:Warning: Failed to import 'D:\Unreal4Projects_LJS\TwinStickShooterContent/AnimationAssets/Enemy_Walk.uasset'. Unknown extension 'uasset'.
[2016.06.03-13.43.39:489][ 19]LogAssetTools:Warning: Failed to import 'D:\Unreal4Projects_LJS\TwinStickShooterContent/AnimationAssets/Idle_Rifle_Hip.uasset'. Unknown extension 'uasset'.
[2016.06.03-13.43.39:501][ 19]LogAssetTools:Warning: Failed to import 'D:\Unreal4Projects_LJS\TwinStickShooterContent/AnimationAssets/Jog_Bwd_Rifle.uasset'. Unknown extension 'uasset'.
[2016.06.03-13.43.39:513][ 19]LogAssetTools:Warning: Failed to import 'D:\Unreal4Projects_LJS\TwinStickShooterContent/AnimationAssets/Jog_Fwd_Rifle.uasset'. Unknown extension 'uasset'.
[2016.06.03-13.43.39:524][ 19]LogAssetTools:Warning: Failed to import 'D:\Unreal4Projects_LJS\TwinStickShooterContent/AnimationAssets/Jog_Lt_Rifle.uasset'. Unknown extension 'uasset'.
[2016.06.03-13.43.39:536][ 19]LogAssetTools:Warning: Failed to import 'D:\Unreal4Projects_LJS\TwinStickShooterContent/AnimationAssets/Jog_Rt_Rifle.uasset'. Unknown extension 'uasset'.
[2016.06.03-13.43.39:554][ 19]LogAssetTools:Warning: Failed to import 'D:\Unreal4Projects_LJS\TwinStickShooterContent/AnimationAssets/UE4_Mannequin/Materials/MaterialLayers/ML_GlossyBlack_Latex_UE4.uasset'. Unknown extension 'uasset'.
[2016.06.03-13.43.39:569][ 19]LogAssetTools:Warning: Failed to import 'D:\Unreal4Projects_LJS\TwinStickShooterContent/AnimationAssets/UE4_Mannequin/Materials/MaterialLayers/ML_Plastic_Shiny_Beige.uasset'. Unknown extension 'uasset'.
[2016.06.03-13.43.39:587][ 19]LogAssetTools:Warning: Failed to import 'D:\Unreal4Projects_LJS\TwinStickShooterContent/AnimationAssets/UE4_Mannequin/Materials/MaterialLayers/ML_Plastic_Shiny_Beige_LOGO.uasset'. Unknown extension 'uasset'.
[2016.06.03-13.43.39:604][ 19]LogAssetTools:Warning: Failed to import 'D:\Unreal4Projects_LJS\TwinStickShooterContent/AnimationAssets/UE4_Mannequin/Materials/MaterialLayers/ML_SoftMetal_UE4.uasset'. Unknown extension 'uasset'.
[2016.06.03-13.43.39:622][ 19]LogAssetTools:Warning: Failed to import 'D:\Unreal4Projects_LJS\TwinStickShooterContent/AnimationAssets/UE4_Mannequin/Materials/MaterialLayers/T_ML_Aluminum01.uasset'. Unknown extension 'uasset'.
[2016.06.03-13.43.39:649][ 19]LogAssetTools:Warning: Failed to import 'D:\Unreal4Projects_LJS\TwinStickShooterContent/AnimationAssets/UE4_Mannequin/Materials/MaterialLayers/T_ML_Aluminum01_N.uasset'. Unknown extension 'uasset'.
[2016.06.03-13.43.39:680][ 19]LogAssetTools:Warning: Failed to import 'D:\Unreal4Projects_LJS\TwinStickShooterContent/AnimationAssets/UE4_Mannequin/Materials/MaterialLayers/T_ML_Rubber_Blue_01_D.uasset'. Unknown extension 'uasset'.
[2016.06.03-13.43.39:763][ 19]LogAssetTools:Warning: Failed to import 'D:\Unreal4Projects_LJS\TwinStickShooterContent/AnimationAssets/UE4_Mannequin/Materials/MaterialLayers/T_ML_Rubber_Blue_01_N.uasset'. Unknown extension 'uasset'.
[2016.06.03-13.43.39:929][ 19]LogAssetTools:Warning: Failed to import 'D:\Unreal4Projects_LJS\TwinStickShooterContent/AnimationAssets/UE4_Mannequin/Materials/M_UE4Man_Body.uasset'. Unknown extension 'uasset'.
[2016.06.03-13.43.40:213][ 19]LogAssetTools:Warning: Failed to import 'D:\Unreal4Projects_LJS\TwinStickShooterContent/AnimationAssets/UE4_Mannequin/Materials/M_UE4Man_ChestLogo.uasset'. Unknown extension 'uasset'.
[2016.06.03-13.43.40:514][ 19]LogAssetTools:Warning: Failed to import 'D:\Unreal4Projects_LJS\TwinStickShooterContent/AnimationAssets/UE4_Mannequin/Mesh/SK_Mannequin.uasset'. Unknown extension 'uasset'.
[2016.06.03-13.43.40:582][ 19]LogAssetTools:Warning: Failed to import 'D:\Unreal4Projects_LJS\TwinStickShooterContent/AnimationAssets/UE4_Mannequin/Mesh/SK_Mannequin_PhysicsAsset.uasset'. Unknown extension 'uasset'.
[2016.06.03-13.43.40:615][ 19]LogAssetTools:Warning: Failed to import 'D:\Unreal4Projects_LJS\TwinStickShooterContent/AnimationAssets/UE4_Mannequin/Mesh/UE4_Mannequin_Skeleton.uasset'. Unknown extension 'uasset'.
[2016.06.03-13.43.40:648][ 19]LogAssetTools:Warning: Failed to import 'D:\Unreal4Projects_LJS\TwinStickShooterContent/AnimationAssets/UE4_Mannequin/Textures/UE4Man_Logo_N.uasset'. Unknown extension 'uasset'.
[2016.06.03-13.43.40:683][ 19]LogAssetTools:Warning: Failed to import 'D:\Unreal4Projects_LJS\TwinStickShooterContent/AnimationAssets/UE4_Mannequin/Textures/UE4_LOGO_CARD.uasset'. Unknown extension 'uasset'.
[2016.06.03-13.43.40:716][ 19]LogAssetTools:Warning: Failed to import 'D:\Unreal4Projects_LJS\TwinStickShooterContent/AnimationAssets/UE4_Mannequin/Textures/UE4_Mannequin_MAT_MASKA.uasset'. Unknown extension 'uasset'.
[2016.06.03-13.43.40:764][ 19]LogAssetTools:Warning: Failed to import 'D:\Unreal4Projects_LJS\TwinStickShooterContent/AnimationAssets/UE4_Mannequin/Textures/UE4_Mannequin_occlusion_Mobile.uasset'. Unknown extension 'uasset'.
[2016.06.03-13.43.40:798][ 19]LogAssetTools:Warning: Failed to import 'D:\Unreal4Projects_LJS\TwinStickShooterContent/AnimationAssets/UE4_Mannequin/Textures/UE4_Mannequin__normals.uasset'. Unknown extension 'uasset'.
[2016.06.03-13.43.40:848][ 19]LogAssetTools:Warning: Failed to import 'D:\Unreal4Projects_LJS\TwinStickShooterContent/FPWeapon/Materials/MaterialLayers/ML_GlossyBlack_Latex_UE4.uasset'. Unknown extension 'uasset'.
[2016.06.03-13.43.40:915][ 19]LogAssetTools:Warning: Failed to import 'D:\Unreal4Projects_LJS\TwinStickShooterContent/FPWeapon/Materials/MaterialLayers/ML_Plastic_Shiny_Beige.uasset'. Unknown extension 'uasset'.
[2016.06.03-13.43.41:015][ 19]LogAssetTools:Warning: Failed to import 'D:\Unreal4Projects_LJS\TwinStickShooterContent/FPWeapon/Materials/MaterialLayers/ML_Plastic_Shiny_Beige_LOGO.uasset'. Unknown extension 'uasset'.
[2016.06.03-13.43.41:165][ 19]LogAssetTools:Warning: Failed to import 'D:\Unreal4Projects_LJS\TwinStickShooterContent/FPWeapon/Materials/MaterialLayers/ML_SoftMetal_UE4.uasset'. Unknown extension 'uasset'.
[2016.06.03-13.43.41:332][ 19]LogAssetTools:Warning: Failed to import 'D:\Unreal4Projects_LJS\TwinStickShooterContent/FPWeapon/Materials/MaterialLayers/T_ML_Aluminum01.uasset'. Unknown extension 'uasset'.
[2016.06.03-13.43.41:466][ 19]LogAssetTools:Warning: Failed to import 'D:\Unreal4Projects_LJS\TwinStickShooterContent/FPWeapon/Materials/MaterialLayers/T_ML_Aluminum01_N.uasset'. Unknown extension 'uasset'.
[2016.06.03-13.43.41:550][ 19]LogAssetTools:Warning: Failed to import 'D:\Unreal4Projects_LJS\TwinStickShooterContent/FPWeapon/Materials/MaterialLayers/T_ML_FineRubber.uasset'. Unknown extension 'uasset'.
[2016.06.03-13.43.41:617][ 19]LogAssetTools:Warning: Failed to import 'D:\Unreal4Projects_LJS\TwinStickShooterContent/FPWeapon/Materials/MaterialLayers/T_ML_Rubber_Blue_01_D.uasset'. Unknown extension 'uasset'.
[2016.06.03-13.43.41:667][ 19]LogAssetTools:Warning: Failed to import 'D:\Unreal4Projects_LJS\TwinStickShooterContent/FPWeapon/Materials/MaterialLayers/T_ML_Rubber_Blue_01_N.uasset'. Unknown extension 'uasset'.
[2016.06.03-13.43.41:734][ 19]LogAssetTools:Warning: Failed to import 'D:\Unreal4Projects_LJS\TwinStickShooterContent/FPWeapon/Materials/MF_BaseColorTintAndContrast.uasset'. Unknown extension 'uasset'.
[2016.06.03-13.43.41:784][ 19]LogAssetTools:Warning: Failed to import 'D:\Unreal4Projects_LJS\TwinStickShooterContent/FPWeapon/Materials/MF_RoughnessAdjustment.uasset'. Unknown extension 'uasset'.
[2016.06.03-13.43.41:850][ 19]LogAssetTools:Warning: Failed to import 'D:\Unreal4Projects_LJS\TwinStickShooterContent/FPWeapon/Materials/MI_FPGun.uasset'. Unknown extension 'uasset'.
[2016.06.03-13.43.41:935][ 19]LogAssetTools:Warning: Failed to import 'D:\Unreal4Projects_LJS\TwinStickShooterContent/FPWeapon/Materials/M_FPGun.uasset'. Unknown extension 'uasset'.
[2016.06.03-13.43.42:034][ 19]LogAssetTools:Warning: Failed to import 'D:\Unreal4Projects_LJS\TwinStickShooterContent/FPWeapon/Mesh/SK_FPGun.uasset'. Unknown extension 'uasset'.
[2016.06.03-13.43.42:151][ 19]LogAssetTools:Warning: Failed to import 'D:\Unreal4Projects_LJS\TwinStickShooterContent/FPWeapon/Mesh/SK_FPGun_PhysicsAsset.uasset'. Unknown extension 'uasset'.
[2016.06.03-13.43.42:285][ 19]LogAssetTools:Warning: Failed to import 'D:\Unreal4Projects_LJS\TwinStickShooterContent/FPWeapon/Mesh/SK_FPGun_Skeleton.uasset'. Unknown extension 'uasset'.
[2016.06.03-13.43.42:402][ 19]LogAssetTools:Warning: Failed to import 'D:\Unreal4Projects_LJS\TwinStickShooterContent/FPWeapon/Textures/T_FPGun_AO.uasset'. Unknown extension 'uasset'.
[2016.06.03-13.43.42:485][ 19]LogAssetTools:Warning: Failed to import 'D:\Unreal4Projects_LJS\TwinStickShooterContent/FPWeapon/Textures/T_FPGun_M.uasset'. Unknown extension 'uasset'.
[2016.06.03-13.43.42:552][ 19]LogAssetTools:Warning: Failed to import 'D:\Unreal4Projects_LJS\TwinStickShooterContent/FPWeapon/Textures/T_FPGun_N.uasset'. Unknown extension 'uasset'.
[2016.06.03-13.43.42:619][ 19]LogAssetTools:Warning: Failed to import 'D:\Unreal4Projects_LJS\TwinStickShooterContent/FPWeapon/Textures/UE4_LOGO_CARD.uasset'. Unknown extension 'uasset'.
[2016.06.03-13.43.42:685][ 19]LogAssetTools:Warning: Failed to import 'D:\Unreal4Projects_LJS\TwinStickShooterContent/FPWeapon/Textures/UE4_Mannequin_occlusion_Mobile.uasset'. Unknown extension 'uasset'.
[2016.06.03-13.43.42:769][ 19]LogAssetTools:Warning: Failed to import 'D:\Unreal4Projects_LJS\TwinStickShooterContent/TwinStickBaseCharacterCode.docx'. Unknown extension 'docx'.
[2016.06.03-13.43.58:390][431]LogAssetTools:Warning: Failed to import 'D:\Unreal4Projects_LJS\TwinStickShooterContent\AnimationAssets/Death_1.uasset'. Unknown extension 'uasset'.
[2016.06.03-13.43.58:396][431]LogAssetTools:Warning: Failed to import 'D:\Unreal4Projects_LJS\TwinStickShooterContent\AnimationAssets/Death_2.uasset'. Unknown extension 'uasset'.
[2016.06.03-13.43.58:404][431]LogAssetTools:Warning: Failed to import 'D:\Unreal4Projects_LJS\TwinStickShooterContent\AnimationAssets/Death_3.uasset'. Unknown extension 'uasset'.
[2016.06.03-13.43.58:412][431]LogAssetTools:Warning: Failed to import 'D:\Unreal4Projects_LJS\TwinStickShooterContent\AnimationAssets/Enemy_Idle.uasset'. Unknown extension 'uasset'.
[2016.06.03-13.43.58:422][431]LogAssetTools:Warning: Failed to import 'D:\Unreal4Projects_LJS\TwinStickShooterContent\AnimationAssets/Enemy_Walk.uasset'. Unknown extension 'uasset'.
[2016.06.03-13.43.58:432][431]LogAssetTools:Warning: Failed to import 'D:\Unreal4Projects_LJS\TwinStickShooterContent\AnimationAssets/Idle_Rifle_Hip.uasset'. Unknown extension 'uasset'.
[2016.06.03-13.43.58:443][431]LogAssetTools:Warning: Failed to import 'D:\Unreal4Projects_LJS\TwinStickShooterContent\AnimationAssets/Jog_Bwd_Rifle.uasset'. Unknown extension 'uasset'.
[2016.06.03-13.43.58:454][431]LogAssetTools:Warning: Failed to import 'D:\Unreal4Projects_LJS\TwinStickShooterContent\AnimationAssets/Jog_Fwd_Rifle.uasset'. Unknown extension 'uasset'.
[2016.06.03-13.43.58:468][431]LogAssetTools:Warning: Failed to import 'D:\Unreal4Projects_LJS\TwinStickShooterContent\AnimationAssets/Jog_Lt_Rifle.uasset'. Unknown extension 'uasset'.
[2016.06.03-13.43.58:485][431]LogAssetTools:Warning: Failed to import 'D:\Unreal4Projects_LJS\TwinStickShooterContent\AnimationAssets/Jog_Rt_Rifle.uasset'. Unknown extension 'uasset'.
[2016.06.03-13.43.58:498][431]LogAssetTools:Warning: Failed to import 'D:\Unreal4Projects_LJS\TwinStickShooterContent\AnimationAssets/UE4_Mannequin/Materials/MaterialLayers/ML_GlossyBlack_Latex_UE4.uasset'. Unknown extension 'uasset'.
[2016.06.03-13.43.58:511][431]LogAssetTools:Warning: Failed to import 'D:\Unreal4Projects_LJS\TwinStickShooterContent\AnimationAssets/UE4_Mannequin/Materials/MaterialLayers/ML_Plastic_Shiny_Beige.uasset'. Unknown extension 'uasset'.
[2016.06.03-13.43.58:525][431]LogAssetTools:Warning: Failed to import 'D:\Unreal4Projects_LJS\TwinStickShooterContent\AnimationAssets/UE4_Mannequin/Materials/MaterialLayers/ML_Plastic_Shiny_Beige_LOGO.uasset'. Unknown extension 'uasset'.
[2016.06.03-13.43.58:541][431]LogAssetTools:Warning: Failed to import 'D:\Unreal4Projects_LJS\TwinStickShooterContent\AnimationAssets/UE4_Mannequin/Materials/MaterialLayers/ML_SoftMetal_UE4.uasset'. Unknown extension 'uasset'.
[2016.06.03-13.43.58:557][431]LogAssetTools:Warning: Failed to import 'D:\Unreal4Projects_LJS\TwinStickShooterContent\AnimationAssets/UE4_Mannequin/Materials/MaterialLayers/T_ML_Aluminum01.uasset'. Unknown extension 'uasset'.
[2016.06.03-13.43.58:575][431]LogAssetTools:Warning: Failed to import 'D:\Unreal4Projects_LJS\TwinStickShooterContent\AnimationAssets/UE4_Mannequin/Materials/MaterialLayers/T_ML_Aluminum01_N.uasset'. Unknown extension 'uasset'.
[2016.06.03-13.43.58:592][431]LogAssetTools:Warning: Failed to import 'D:\Unreal4Projects_LJS\TwinStickShooterContent\AnimationAssets/UE4_Mannequin/Materials/MaterialLayers/T_ML_Rubber_Blue_01_D.uasset'. Unknown extension 'uasset'.
[2016.06.03-13.43.58:634][431]LogAssetTools:Warning: Failed to import 'D:\Unreal4Projects_LJS\TwinStickShooterContent\AnimationAssets/UE4_Mannequin/Materials/MaterialLayers/T_ML_Rubber_Blue_01_N.uasset'. Unknown extension 'uasset'.
[2016.06.03-13.43.58:768][431]LogAssetTools:Warning: Failed to import 'D:\Unreal4Projects_LJS\TwinStickShooterContent\AnimationAssets/UE4_Mannequin/Materials/M_UE4Man_Body.uasset'. Unknown extension 'uasset'.
[2016.06.03-13.43.59:051][431]LogAssetTools:Warning: Failed to import 'D:\Unreal4Projects_LJS\TwinStickShooterContent\AnimationAssets/UE4_Mannequin/Materials/M_UE4Man_ChestLogo.uasset'. Unknown extension 'uasset'.
[2016.06.03-13.43.59:401][431]LogAssetTools:Warning: Failed to import 'D:\Unreal4Projects_LJS\TwinStickShooterContent\AnimationAssets/UE4_Mannequin/Mesh/SK_Mannequin.uasset'. Unknown extension 'uasset'.
[2016.06.03-13.43.59:502][431]LogAssetTools:Warning: Failed to import 'D:\Unreal4Projects_LJS\TwinStickShooterContent\AnimationAssets/UE4_Mannequin/Mesh/SK_Mannequin_PhysicsAsset.uasset'. Unknown extension 'uasset'.
[2016.06.03-13.43.59:524][431]LogAssetTools:Warning: Failed to import 'D:\Unreal4Projects_LJS\TwinStickShooterContent\AnimationAssets/UE4_Mannequin/Mesh/UE4_Mannequin_Skeleton.uasset'. Unknown extension 'uasset'.
[2016.06.03-13.43.59:553][431]LogAssetTools:Warning: Failed to import 'D:\Unreal4Projects_LJS\TwinStickShooterContent\AnimationAssets/UE4_Mannequin/Textures/UE4Man_Logo_N.uasset'. Unknown extension 'uasset'.
[2016.06.03-13.43.59:586][431]LogAssetTools:Warning: Failed to import 'D:\Unreal4Projects_LJS\TwinStickShooterContent\AnimationAssets/UE4_Mannequin/Textures/UE4_LOGO_CARD.uasset'. Unknown extension 'uasset'.
[2016.06.03-13.43.59:607][431]LogAssetTools:Warning: Failed to import 'D:\Unreal4Projects_LJS\TwinStickShooterContent\AnimationAssets/UE4_Mannequin/Textures/UE4_Mannequin_MAT_MASKA.uasset'. Unknown extension 'uasset'.
[2016.06.03-13.43.59:635][431]LogAssetTools:Warning: Failed to import 'D:\Unreal4Projects_LJS\TwinStickShooterContent\AnimationAssets/UE4_Mannequin/Textures/UE4_Mannequin_occlusion_Mobile.uasset'. Unknown extension 'uasset'.
[2016.06.03-13.43.59:668][431]LogAssetTools:Warning: Failed to import 'D:\Unreal4Projects_LJS\TwinStickShooterContent\AnimationAssets/UE4_Mannequin/Textures/UE4_Mannequin__normals.uasset'. Unknown extension 'uasset'.
[2016.06.03-13.45.58:130][974]LogWindowsTextInputMethodSystem:Display: IME system now activated using TSF (Microsoft 입력기).
[2016.06.03-13.45.58:131][974]LogWindowsTextInputMethodSystem:Display: IME system now activated using TSF (Microsoft 입력기).
[2016.06.03-13.45.58:156][974]LogWindowsTextInputMethodSystem:Display: IME system now activated using TSF (Microsoft 입력기).
[2016.06.03-13.45.58:156][974]LogWindowsTextInputMethodSystem:Display: IME system now activated using TSF (Microsoft 입력기).
[2016.06.03-13.45.58:368][975]Cmd: QUIT_EDITOR
[2016.06.03-13.45.58:434][975]LogWindowsTextInputMethodSystem:Display: IME system now activated using TSF (Microsoft 입력기).
[2016.06.03-13.45.58:435][975]LogWindowsTextInputMethodSystem:Display: IME system now activated using TSF (Microsoft 입력기).
[2016.06.03-13.45.58:480][975]LogExit: Preparing to exit.
[2016.06.03-13.45.59:469][975]LogExit: Editor shut down
[2016.06.03-13.45.59:470][975]LogExit: Transaction tracking system shut down
[2016.06.03-13.45.59:582][975]LogObj: Freed 0b from 0 cluster array pools.
[2016.06.03-13.45.59:582][975]LogExit: Object subsystem successfully closed.
[2016.06.03-13.45.59:604][975]LogD3D11RHI: Shutdown
[2016.06.03-13.45.59:604][975]LogD3D11RHI: CleanupD3DDevice
[2016.06.03-13.45.59:647][975]LogD3D11RHI: ~FD3D11DynamicRHI
[2016.06.03-13.45.59:789][975]LogDerivedDataCache: Shutdown
[2016.06.03-13.45.59:789][975]LogModuleManager: Shutting down and abandoning module HierarchicalLODOutliner (205)
[2016.06.03-13.45.59:789][975]LogModuleManager: Shutting down and abandoning module CrashTracker (204)
[2016.06.03-13.45.59:789][975]LogModuleManager: Shutting down and abandoning module WorldBrowser (203)
[2016.06.03-13.45.59:790][975]LogModuleManager: Shutting down and abandoning module SceneOutliner (202)
[2016.06.03-13.45.59:790][975]LogModuleManager: Shutting down and abandoning module SuperSearch (201)
[2016.06.03-13.45.59:790][975]LogModuleManager: Shutting down and abandoning module WidgetCarousel (200)
[2016.06.03-13.45.59:790][975]LogModuleManager: Shutting down and abandoning module AddContentDialog (199)
[2016.06.03-13.45.59:790][975]LogModuleManager: Shutting down and abandoning module GameplayTags (198)
[2016.06.03-13.45.59:790][975]LogModuleManager: Shutting down and abandoning module EditorWidgets (197)
[2016.06.03-13.45.59:790][975]LogModuleManager: Shutting down and abandoning module CollectionManager (196)
[2016.06.03-13.45.59:791][975]LogModuleManager: Shutting down and abandoning module StatsViewer (195)
[2016.06.03-13.45.59:791][975]LogModuleManager: Shutting down and abandoning module FoliageEdit (194)
[2016.06.03-13.45.59:791][975]LogModuleManager: Shutting down and abandoning module LandscapeEditor (193)
[2016.06.03-13.45.59:791][975]LogModuleManager: Shutting down and abandoning module ActorPickerMode (192)
[2016.06.03-13.45.59:791][975]LogModuleManager: Shutting down and abandoning module GeometryMode (191)
[2016.06.03-13.45.59:791][975]LogModuleManager: Shutting down and abandoning module TextureAlignMode (190)
[2016.06.03-13.45.59:791][975]LogModuleManager: Shutting down and abandoning module BspMode (189)
[2016.06.03-13.45.59:791][975]LogModuleManager: Shutting down and abandoning module PlacementMode (188)
[2016.06.03-13.45.59:791][975]LogModuleManager: Shutting down and abandoning module AutomationWorker (187)
[2016.06.03-13.45.59:791][975]LogModuleManager: Shutting down and abandoning module CharacterAI (186)
[2016.06.03-13.45.59:791][975]LogModuleManager: Shutting down and abandoning module SmartSnapping (185)
[2016.06.03-13.45.59:791][975]LogModuleManager: Shutting down and abandoning module ViewportSnapping (184)
[2016.06.03-13.45.59:791][975]LogModuleManager: Shutting down and abandoning module LogVisualizer (183)
[2016.06.03-13.45.59:791][975]LogModuleManager: Shutting down and abandoning module GameProjectGeneration (182)
[2016.06.03-13.45.59:791][975]LogModuleManager: Shutting down and abandoning module IntroTutorials (181)
[2016.06.03-13.45.59:791][975]LogModuleManager: Shutting down and abandoning module EditorLiveStreaming (180)
[2016.06.03-13.45.59:791][975]LogModuleManager: Shutting down and abandoning module IOSPlatformEditor (179)
[2016.06.03-13.45.59:791][975]LogModuleManager: Shutting down and abandoning module HTML5PlatformEditor (178)
[2016.06.03-13.45.59:791][975]LogModuleManager: Shutting down and abandoning module AndroidDeviceDetection (177)
[2016.06.03-13.46.00:350][975]LogModuleManager: Shutting down and abandoning module AndroidPlatformEditor (176)
[2016.06.03-13.46.00:350][975]LogModuleManager: Shutting down and abandoning module IOSRuntimeSettings (175)
[2016.06.03-13.46.00:350][975]LogModuleManager: Shutting down and abandoning module AndroidRuntimeSettings (174)
[2016.06.03-13.46.00:350][975]LogModuleManager: Shutting down and abandoning module MergeActors (173)
[2016.06.03-13.46.00:350][975]LogModuleManager: Shutting down and abandoning module SizeMap (172)
[2016.06.03-13.46.00:350][975]LogModuleManager: Shutting down and abandoning module TreeMap (171)
[2016.06.03-13.46.00:350][975]LogModuleManager: Shutting down and abandoning module ReferenceViewer (170)
[2016.06.03-13.46.00:350][975]LogModuleManager: Shutting down and abandoning module LocalizationService (169)
[2016.06.03-13.46.00:350][975]LogModuleManager: Shutting down and abandoning module LocalizationDashboard (168)
[2016.06.03-13.46.00:350][975]LogModuleManager: Shutting down and abandoning module HardwareTargeting (167)
[2016.06.03-13.46.00:350][975]LogModuleManager: Shutting down and abandoning module DeviceProfileEditor (166)
[2016.06.03-13.46.00:350][975]LogModuleManager: Shutting down and abandoning module UndoHistory (165)
[2016.06.03-13.46.00:350][975]LogModuleManager: Shutting down and abandoning module UserFeedback (164)
[2016.06.03-13.46.00:350][975]LogModuleManager: Shutting down and abandoning module XmlParser (163)
[2016.06.03-13.46.00:350][975]LogModuleManager: Shutting down and abandoning module Blutility (162)
[2016.06.03-13.46.00:350][975]LogModuleManager: Shutting down and abandoning module ProjectTargetPlatformEditor (161)
[2016.06.03-13.46.00:350][975]LogModuleManager: Shutting down and abandoning module ProjectSettingsViewer (160)
[2016.06.03-13.46.00:350][975]LogModuleManager: Shutting down and abandoning module InputBindingEditor (159)
[2016.06.03-13.46.00:351][975]LogModuleManager: Shutting down and abandoning module EditorSettingsViewer (158)
[2016.06.03-13.46.00:351][975]LogModuleManager: Shutting down and abandoning module SettingsEditor (157)
[2016.06.03-13.46.00:351][975]LogModuleManager: Shutting down and abandoning module ProjectLauncher (156)
[2016.06.03-13.46.00:351][975]LogModuleManager: Shutting down and abandoning module SessionFrontend (155)
[2016.06.03-13.46.00:351][975]LogModuleManager: Shutting down and abandoning module ProfilerClient (154)
[2016.06.03-13.46.00:351][975]LogModuleManager: Shutting down and abandoning module TargetDeviceServices (153)
[2016.06.03-13.46.00:351][975]LogModuleManager: Shutting down and abandoning module DeviceManager (152)
[2016.06.03-13.46.00:392][975]LogModuleManager: Shutting down and abandoning module AutomationController (151)
[2016.06.03-13.46.00:392][975]LogModuleManager: Shutting down and abandoning module AutomationWindow (150)
[2016.06.03-13.46.00:392][975]LogModuleManager: Shutting down and abandoning module Layers (149)
[2016.06.03-13.46.00:392][975]LogModuleManager: Shutting down and abandoning module ComponentVisualizers (148)
[2016.06.03-13.46.00:392][975]LogModuleManager: Shutting down and abandoning module DetailCustomizations (147)
[2016.06.03-13.46.00:392][975]LogModuleManager: Shutting down and abandoning module PackagesDialog (146)
[2016.06.03-13.46.00:392][975]LogModuleManager: Shutting down and abandoning module Persona (145)
[2016.06.03-13.46.00:392][975]LogModuleManager: Shutting down and abandoning module Kismet (144)
[2016.06.03-13.46.00:392][975]LogModuleManager: Shutting down and abandoning module GraphEditor (143)
[2016.06.03-13.46.00:392][975]LogModuleManager: Shutting down and abandoning module ClassViewer (142)
[2016.06.03-13.46.00:392][975]LogModuleManager: Shutting down and abandoning module Toolbox (141)
[2016.06.03-13.46.00:392][975]LogModuleManager: Shutting down and abandoning module ModuleUI (140)
[2016.06.03-13.46.00:392][975]LogModuleManager: Shutting down and abandoning module MovieSceneTools (139)
[2016.06.03-13.46.00:392][975]LogModuleManager: Shutting down and abandoning module OutputLog (138)
[2016.06.03-13.46.00:392][975]LogModuleManager: Shutting down and abandoning module GammaUI (137)
[2016.06.03-13.46.00:392][975]LogModuleManager: Shutting down and abandoning module Documentation (136)
[2016.06.03-13.46.00:392][975]LogModuleManager: Shutting down and abandoning module StreamingPauseRendering (135)
[2016.06.03-13.46.00:392][975]LogModuleManager: Shutting down and abandoning module AnalyticsET (134)
[2016.06.03-13.46.00:392][975]LogModuleManager: Shutting down and abandoning module Analytics (133)
[2016.06.03-13.46.00:392][975]LogModuleManager: Shutting down and abandoning module PortalServices (132)
[2016.06.03-13.46.00:392][975]LogModuleManager: Shutting down and abandoning module PortalRpc (131)
[2016.06.03-13.46.00:392][975]LogModuleManager: Shutting down and abandoning module MessagingRpc (130)
[2016.06.03-13.46.00:392][975]LogModuleManager: Shutting down and abandoning module AITestSuite (129)
[2016.06.03-13.46.00:392][975]LogModuleManager: Shutting down and abandoning module GameplayDebugger (128)
[2016.06.03-13.46.00:392][975]LogModuleManager: Shutting down and abandoning module AIModule (127)
[2016.06.03-13.46.00:392][975]LogModuleManager: Shutting down and abandoning module ProfilerService (126)
[2016.06.03-13.46.00:501][975]LogModuleManager: Shutting down and abandoning module TaskGraph (125)
[2016.06.03-13.46.00:501][975]LogModuleManager: Shutting down and abandoning module SlateRemote (124)
[2016.06.03-13.46.00:501][975]LogModuleManager: Shutting down and abandoning module SteamVRController (123)
[2016.06.03-13.46.00:501][975]LogModuleManager: Shutting down and abandoning module SteamVR (122)
[2016.06.03-13.46.00:501][975]LogModuleManager: Shutting down and abandoning module ProceduralMeshComponent (121)
[2016.06.03-13.46.00:501][975]LogModuleManager: Shutting down and abandoning module OculusLibrary (120)
[2016.06.03-13.46.00:501][975]LogModuleManager: Shutting down and abandoning module OculusInput (119)
[2016.06.03-13.46.00:501][975]LogModuleManager: Shutting down and abandoning module CustomMeshComponent (118)
[2016.06.03-13.46.00:501][975]LogModuleManager: Shutting down and abandoning module CableComponent (117)
[2016.06.03-13.46.00:501][975]LogModuleManager: Shutting down and abandoning module ArchVisCharacter (116)
[2016.06.03-13.46.00:501][975]LogModuleManager: Shutting down and abandoning module MediaPlayerEditor (115)
[2016.06.03-13.46.00:501][975]LogModuleManager: Shutting down and abandoning module HTML5Networking (114)
[2016.06.03-13.46.00:501][975]LogModuleManager: Shutting down and abandoning module SpeedTreeImporter (113)
[2016.06.03-13.46.00:501][975]LogModuleManager: Shutting down and abandoning module PluginBrowser (112)
[2016.06.03-13.46.00:501][975]LogModuleManager: Shutting down and abandoning module EpicSurvey (111)
[2016.06.03-13.46.00:501][975]LogModuleManager: Shutting down and abandoning module DesktopPlatform (110)
[2016.06.03-13.46.00:501][975]LogModuleManager: Shutting down and abandoning module VisualStudioSourceCodeAccess (109)
[2016.06.03-13.46.00:501][975]LogModuleManager: Shutting down and abandoning module UObjectPlugin (108)
[2016.06.03-13.46.00:501][975]LogModuleManager: Shutting down and abandoning module SubversionSourceControl (107)
[2016.06.03-13.46.00:501][975]LogModuleManager: Shutting down and abandoning module PerforceSourceControl (106)
[2016.06.03-13.46.00:501][975]LogModuleManager: Shutting down and abandoning module SourceControl (105)
[2016.06.03-13.46.00:501][975]LogModuleManager: Shutting down and abandoning module GitSourceControl (104)
[2016.06.03-13.46.00:501][975]LogModuleManager: Shutting down and abandoning module LightPropagationVolumeEditor (103)
[2016.06.03-13.46.00:501][975]LogModuleManager: Shutting down and abandoning module PaperTiledImporter (102)
[2016.06.03-13.46.00:501][975]LogModuleManager: Shutting down and abandoning module PaperSpriteSheetImporter (101)
[2016.06.03-13.46.00:501][975]LogModuleManager: Shutting down and abandoning module MeshPaint (100)
[2016.06.03-13.46.00:501][975]LogModuleManager: Shutting down and abandoning module HotReload (99)
[2016.06.03-13.46.00:503][975]LogModuleManager: Shutting down and abandoning module MainFrame (98)
[2016.06.03-13.46.00:503][975]LogModuleManager: Shutting down and abandoning module LevelEditor (97)
[2016.06.03-13.46.00:504][975]LogModuleManager: Shutting down and abandoning module DirectoryWatcher (96)
[2016.06.03-13.46.00:504][975]LogModuleManager: Shutting down and abandoning module AssetRegistry (95)
[2016.06.03-13.46.00:644][975]LogModuleManager: Shutting down and abandoning module ContentBrowser (94)
[2016.06.03-13.46.00:645][975]LogModuleManager: Shutting down and abandoning module Paper2DEditor (93)
[2016.06.03-13.46.00:645][975]LogModuleManager: Shutting down and abandoning module UdpMessaging (92)
[2016.06.03-13.46.00:746][975]LogModuleManager: Shutting down and abandoning module LightPropagationVolumeRuntime (91)
[2016.06.03-13.46.00:746][975]LogModuleManager: Shutting down and abandoning module Paper2D (90)
[2016.06.03-13.46.00:746][975]LogModuleManager: Shutting down and abandoning module WindowsMoviePlayer (89)
[2016.06.03-13.46.00:746][975]LogModuleManager: Shutting down and abandoning module Media (88)
[2016.06.03-13.46.00:746][975]LogModuleManager: Shutting down and abandoning module WmfMedia (87)
[2016.06.03-13.46.00:746][975]LogModuleManager: Shutting down and abandoning module MediaAssets (86)
[2016.06.03-13.46.00:746][975]LogModuleManager: Shutting down and abandoning module GameLiveStreaming (85)
[2016.06.03-13.46.00:746][975]LogModuleManager: Shutting down and abandoning module GameplayTagsEditor (84)
[2016.06.03-13.46.00:746][975]LogModuleManager: Shutting down and abandoning module OnlineBlueprintSupport (83)
[2016.06.03-13.46.00:746][975]LogModuleManager: Shutting down and abandoning module GameplayTasksEditor (82)
[2016.06.03-13.46.00:746][975]LogModuleManager: Shutting down and abandoning module PropertyEditor (81)
[2016.06.03-13.46.00:746][975]LogModuleManager: Shutting down and abandoning module BehaviorTreeEditor (80)
[2016.06.03-13.46.00:746][975]LogModuleManager: Shutting down and abandoning module FunctionalTesting (79)
[2016.06.03-13.46.00:746][975]LogModuleManager: Shutting down and abandoning module CollisionAnalyzer (78)
[2016.06.03-13.46.00:746][975]LogModuleManager: Shutting down and abandoning module WorkspaceMenuStructure (77)
[2016.06.03-13.46.00:746][975]LogModuleManager: Shutting down and abandoning module MessageLog (76)
[2016.06.03-13.46.00:746][975]LogModuleManager: Shutting down and abandoning module Sequencer (75)
[2016.06.03-13.46.00:746][975]LogModuleManager: Shutting down and abandoning module AssetTools (74)
[2016.06.03-13.46.00:746][975]LogModuleManager: Shutting down and abandoning module UMGEditor (73)
[2016.06.03-13.46.00:747][975]LogModuleManager: Shutting down and abandoning module UMG (72)
[2016.06.03-13.46.00:747][975]LogModuleManager: Shutting down and abandoning module SlateReflector (71)
[2016.06.03-13.46.00:747][975]LogModuleManager: Shutting down and abandoning module Slate (70)
[2016.06.03-13.46.00:747][975]LogModuleManager: Shutting down and abandoning module EditorStyle (69)
[2016.06.03-13.46.00:750][975]LogModuleManager: Shutting down and abandoning module SessionServices (68)
[2016.06.03-13.46.00:750][975]LogModuleManager: Shutting down and abandoning module SourceCodeAccess (67)
[2016.06.03-13.46.00:750][975]LogModuleManager: Shutting down and abandoning module HeadMountedDisplay (66)
[2016.06.03-13.46.00:750][975]LogModuleManager: Shutting down and abandoning module XAudio2 (65)
[2016.06.03-13.46.00:751][975]LogModuleManager: Shutting down and abandoning module Networking (63)
[2016.06.03-13.46.00:751][975]LogModuleManager: Shutting down and abandoning module Core (62)
[2016.06.03-13.46.00:751][975]LogModuleManager: Shutting down and abandoning module KismetCompiler (61)
[2016.06.03-13.46.00:751][975]LogModuleManager: Shutting down and abandoning module PhysXFormats (60)
[2016.06.03-13.46.00:751][975]LogModuleManager: Shutting down and abandoning module MeshUtilities (59)
[2016.06.03-13.46.00:751][975]LogModuleManager: Shutting down and abandoning module CookingStats (58)
[2016.06.03-13.46.00:751][975]LogModuleManager: Shutting down and abandoning module DerivedDataCache (57)
[2016.06.03-13.46.00:751][975]LogDerivedDataCache: Shutdown
[2016.06.03-13.46.00:751][975]LogModuleManager: Shutting down and abandoning module ShaderFormatOpenGL (56)
[2016.06.03-13.46.00:751][975]LogModuleManager: Shutting down and abandoning module ShaderFormatD3D (55)
[2016.06.03-13.46.00:751][975]LogModuleManager: Shutting down and abandoning module MetalShaderFormat (54)
[2016.06.03-13.46.00:751][975]LogModuleManager: Shutting down and abandoning module TextureFormatUncompressed (53)
[2016.06.03-13.46.00:751][975]LogModuleManager: Shutting down and abandoning module TextureFormatPVR (52)
[2016.06.03-13.46.00:751][975]LogModuleManager: Shutting down and abandoning module TextureFormatIntelISPCTexComp (51)
[2016.06.03-13.46.00:751][975]LogModuleManager: Shutting down and abandoning module TextureFormatDXT (50)
[2016.06.03-13.46.00:751][975]LogModuleManager: Shutting down and abandoning module ImageWrapper (49)
[2016.06.03-13.46.00:751][975]LogModuleManager: Shutting down and abandoning module TextureFormatASTC (48)
[2016.06.03-13.46.00:751][975]LogModuleManager: Shutting down and abandoning module TextureFormatAndroid (47)
[2016.06.03-13.46.00:751][975]LogModuleManager: Shutting down and abandoning module AudioFormatOpus (46)
[2016.06.03-13.46.00:751][975]LogModuleManager: Shutting down and abandoning module AudioFormatOgg (45)
[2016.06.03-13.46.00:751][975]LogModuleManager: Shutting down and abandoning module AudioFormatADPCM (44)
[2016.06.03-13.46.00:751][975]LogModuleManager: Shutting down and abandoning module LinuxTargetPlatform (43)
[2016.06.03-13.46.00:751][975]LogModuleManager: Shutting down and abandoning module LinuxServerTargetPlatform (42)
[2016.06.03-13.46.00:751][975]LogModuleManager: Shutting down and abandoning module LinuxNoEditorTargetPlatform (41)
[2016.06.03-13.46.00:751][975]LogModuleManager: Shutting down and abandoning module TVOSTargetPlatform (40)
[2016.06.03-13.46.00:751][975]LogModuleManager: Shutting down and abandoning module Messaging (39)
[2016.06.03-13.46.00:751][975]LogModuleManager: Shutting down and abandoning module IOSTargetPlatform (38)
[2016.06.03-13.46.00:751][975]LogModuleManager: Shutting down and abandoning module HTML5TargetPlatform (37)
[2016.06.03-13.46.00:751][975]LogModuleManager: Shutting down and abandoning module Android_PVRTCTargetPlatform (36)
[2016.06.03-13.46.00:751][975]LogModuleManager: Shutting down and abandoning module Android_MultiTargetPlatform (35)
[2016.06.03-13.46.00:751][975]LogModuleManager: Shutting down and abandoning module Android_ETC2TargetPlatform (34)
[2016.06.03-13.46.00:751][975]LogModuleManager: Shutting down and abandoning module Android_ETC1TargetPlatform (33)
[2016.06.03-13.46.00:751][975]LogModuleManager: Shutting down and abandoning module Android_DXTTargetPlatform (32)
[2016.06.03-13.46.00:751][975]LogModuleManager: Shutting down and abandoning module Android_ATCTargetPlatform (31)
[2016.06.03-13.46.00:751][975]LogModuleManager: Shutting down and abandoning module Android_ASTCTargetPlatform (30)
[2016.06.03-13.46.00:751][975]LogModuleManager: Shutting down and abandoning module AndroidTargetPlatform (29)
[2016.06.03-13.46.00:751][975]LogModuleManager: Shutting down and abandoning module WindowsTargetPlatform (28)
[2016.06.03-13.46.00:751][975]LogModuleManager: Shutting down and abandoning module WindowsServerTargetPlatform (27)
[2016.06.03-13.46.00:751][975]LogModuleManager: Shutting down and abandoning module WindowsNoEditorTargetPlatform (26)
[2016.06.03-13.46.00:751][975]LogModuleManager: Shutting down and abandoning module WindowsClientTargetPlatform (25)
[2016.06.03-13.46.00:751][975]LogModuleManager: Shutting down and abandoning module AllDesktopTargetPlatform (24)
[2016.06.03-13.46.00:751][975]LogModuleManager: Shutting down and abandoning module TargetPlatform (23)
[2016.06.03-13.46.00:751][975]LogModuleManager: Shutting down and abandoning module InputCore (22)
[2016.06.03-13.46.00:751][975]LogModuleManager: Shutting down and abandoning module Settings (21)
[2016.06.03-13.46.00:751][975]LogModuleManager: Shutting down and abandoning module OnlineSubsystem (19)
[2016.06.03-13.46.00:751][975]LogModuleManager: Shutting down and abandoning module HTTP (18)
[2016.06.03-13.46.02:758][975]LogModuleManager: Shutting down and abandoning module XMPP (17)
[2016.06.03-13.46.02:758][975]LogModuleManager: Shutting down and abandoning module OculusRift (16)
[2016.06.03-13.46.02:758][975]LogModuleManager: Shutting down and abandoning module ExampleDeviceProfileSelector (15)
[2016.06.03-13.46.02:758][975]LogModuleManager: Shutting down and abandoning module TextureCompressor (14)
[2016.06.03-13.46.02:758][975]LogModuleManager: Shutting down and abandoning module ShaderCore (13)
[2016.06.03-13.46.02:758][975]LogModuleManager: Shutting down and abandoning module Landscape (12)
[2016.06.03-13.46.02:758][975]LogModuleManager: Shutting down and abandoning module SlateRHIRenderer (11)
[2016.06.03-13.46.02:759][975]LogModuleManager: Shutting down and abandoning module OpenGLDrv (10)
[2016.06.03-13.46.02:759][975]LogModuleManager: Shutting down and abandoning module D3D11RHI (9)
[2016.06.03-13.46.02:759][975]LogModuleManager: Shutting down and abandoning module AnimGraphRuntime (8)
[2016.06.03-13.46.02:759][975]LogModuleManager: Shutting down and abandoning module Renderer (7)
[2016.06.03-13.46.02:759][975]LogModuleManager: Shutting down and abandoning module Engine (6)
[2016.06.03-13.46.02:759][975]LogModuleManager: Shutting down and abandoning module CoreUObject (5)
[2016.06.03-13.46.02:759][975]LogModuleManager: Shutting down and abandoning module NetworkFile (4)
[2016.06.03-13.46.02:759][975]LogModuleManager: Shutting down and abandoning module StreamingFile (3)
[2016.06.03-13.46.02:759][975]LogModuleManager: Shutting down and abandoning module SandboxFile (2)
[2016.06.03-13.46.02:759][975]LogModuleManager: Shutting down and abandoning module PakFile (1)
[2016.06.03-13.46.02:760][975]LogExit: Exiting.
[2016.06.03-13.46.02:761][975]Log file closed, 06/03/16 22:46:02
